




<!DOCTYPE html>
<html>

<head>
    <meta charset="utf-8">
    <meta name="viewport" content="width=device-width, initial-scale=1, shrink-to-fit=no">
    <title>Company: Syngymaxim</title>
    <link rel="apple-touch-icon" href="https://cdn.rawgit.com/extent-framework/extent-github-cdn/d74480e/commons/img/logo.png">
    <link rel="shortcut icon" href="https://cdn.rawgit.com/extent-framework/extent-github-cdn/d74480e/commons/img/logo.png">
    <link href="https://cdn.rawgit.com/extent-framework/extent-github-cdn/24cb10e/spark/css/style.css" rel="stylesheet" />
    <link href="https://stackpath.bootstrapcdn.com/font-awesome/4.7.0/css/font-awesome.min.css" rel="stylesheet">
<style type="text/css">

</style></head><script src="https://cdn.rawgit.com/extent-framework/extent-github-cdn/7cc78ce/spark/js/jsontree.js"></script>
<body class="test-view -report dark">
    <div class="app header-dark side-nav-folded">
        <div class="layout">
<div class="header navbar">
    <div class="header-container">
        <div class="nav-logo">
          <a href="index.html">
            <div class="logo logo-dark" style="background-image: url('https://cdn.rawgit.com/extent-framework/extent-github-cdn/d74480e/commons/img/logo.png')"></div>
            <div class="logo logo-white" style="background-image: url('https://cdn.rawgit.com/extent-framework/extent-github-cdn/d74480e/commons/img/logo.png')"></div>
          </a>
        </div>
        <ul class="nav-left">
          <li>
            <a class="sidenav-fold-toggler" href="javascript:void(0);">
              <i class="fa fa-bars"></i>
            </a>
            <a class="sidenav-expand-toggler" href="javascript:void(0);">
              <i class="fa fa-bars"></i>
            </a>
          </li>
          <li class="search-box">
            <a class="search-toggle" href="javascript:void(0);">
              <i class="search-icon fa fa-search"></i>
              <i class="search-icon-close fa fa-close"></i>
            </a>
          </li>
          <li class="search-input">
            <input id="search-tests" class="form-control" type="text" placeholder="Type to search...">
          </li>
        </ul>
        <ul class="nav-right">
          <li class="m-r-10">
            <a href="#">
              <span class="badge badge-primary">TEEMS 3.0 Automation Results</span>
            </a>
          </li>
            <li class="m-r-10">
                <a href="#">
                    <span class="badge badge-primary">Dec 23, 2024 10:34:05 AM</span>
                </a>
            </li>
        </ul>
    </div>
</div><div class="side-nav side-nav-folded">
  <div class="side-nav-inner">
    <ul class="side-nav-menu scrollable">
      <li class="nav-item dropdown">
        <a id="nav-test" class="dropdown-toggle" href="index.html">
          <span class="icon-holder">
            <i class="fa fa-align-left"></i>
          </span>
          <span class="title">Tests</span>
        </a>
      </li>
            <li class="nav-item dropdown">
        <a id="nav-ex" class="dropdown-toggle" href="exception.html">
          <span class="icon-holder">
            <i class="fa fa-bug"></i>
          </span>
          <span class="title">Exception</span>
        </a>
      </li>
      <li class="nav-item dropdown">
        <a id="nav-dashboard" class="dropdown-toggle" href="dashboard.html">
          <span class="icon-holder">
            <i class="fa fa-bar-chart"></i>
          </span>
          <span class="title">Dashboard</span>
        </a>
      </li>
    </ul>
  </div>
</div>
            <div class="page-container">
                <div class="main-content">
                    <div class="test-wrapper row">
                        <div class="test-list">
                            <div class="test-list-tools">
                                <ul class="tools pull-left">
                                    <li>
                                        <a href="">
                                            <span class="font-size-14">Tests</span>
                                        </a>
                                    </li> 
                                </ul>
                                <ul class="tools text-right">
                                    <li class="user-profile dropdown dropdown-animated scale-left">
                                        <a href="#" class="dropdown-toggle" data-toggle="dropdown">
                                            <i class="fa fa-exclamation-circle"></i>
                                        </a>
                                        <ul id="status-toggle" class="dropdown-menu dropdown-md p-v-0">
                                            <a class="dropdown-item" status="pass" href="#"><span>Pass</span><span class="status success pull-right"></span></a>
	                                        <a class="dropdown-item" status="fail" href="#"><span>Fail</span><span class="status danger pull-right"></span></a>
	                                        
	                                        
	                                        
	                                        
	                                        <div class="dropdown-divider"></div>
                                            <a status="clear" class="dropdown-item" href="#"><span>Clear</span><span class="pull-right"><i class="fa fa-close"></i></span></a>
                                        </ul>
                                    </li>
                                </ul>
                            </div>
                            <div class="test-list-wrapper scrollable">
                                <ul class="test-list-item">
                                    <li class="test-item"  status="pass" test-id="1"
                                            author=""
                                            tag=""
                                            device="">
                                        <div class="status-avatar pass-bg">
                                            <i class="fa fa-check text-white"></i>
                                        </div>
                                        <div class="open-test">
                                            <div class="test-detail"> 
                                                <p class="name">Creating_college_level_Enquiry</p> 
                                                <p class="duration text-sm">0h 2m 2s+326ms</p> 
                                                <span class="datetime">10:34:14 AM</span>
                                            </div>
                                        </div>
                                        <div class="test-contents d-none">
                                            <div class="detail-head">
                                                <div class="p-v-10 d-inline-block"> 
                                                    <div class="info">
                                                        <h5 class="test-status text-pass">Creating_college_level_Enquiry</h5>
                                                        <span class='badge badge-success'>12.23.2024 10:34:14</span>
                                                        <span class='badge badge-danger'>12.23.2024 10:36:16</span>
                                                        <span class='badge badge-default'>0h 2m 2s+326ms</span>
                                                    </div>
                                                    <div class="m-t-10 m-l-5">
                                                        
                                                    </div>
                                                </div>
                                            </div>
<div class="detail-body mt-4">                                              
<table class="table table-sm">
	<thead><tr>
		<th class="status-col">Status</th>
		<th class="timestamp-col">Timestamp</th>
		<th class="details-col">Details</th>
	</tr></thead>
	<tbody>
			<tr class="event-row">
				<td><i class="fa fa-check text-pass"></i></td>
				<td>10:36:16 AM</td>
				<td>
						<span class='badge white-text green'><span style='color: black;'>Test is Pass</span><br><pre style='border: 1px solid green; padding: 10px; color: black; background-color: green; font-weight: bold;'>Student Enquiry ID :WWHT270026
</pre></span>
				</td>
			</tr>
	</tbody>
</table>
</div>
                                        </div>
                                    </li>
                                    <li class="test-item"  status="pass" test-id="2"
                                            author=""
                                            tag=""
                                            device="">
                                        <div class="status-avatar pass-bg">
                                            <i class="fa fa-check text-white"></i>
                                        </div>
                                        <div class="open-test">
                                            <div class="test-detail"> 
                                                <p class="name">Enrolling_with_All_ModeofPayments</p> 
                                                <p class="duration text-sm">0h 2m 6s+731ms</p> 
                                                <span class="datetime">10:36:25 AM</span>
                                            </div>
                                        </div>
                                        <div class="test-contents d-none">
                                            <div class="detail-head">
                                                <div class="p-v-10 d-inline-block"> 
                                                    <div class="info">
                                                        <h5 class="test-status text-pass">Enrolling_with_All_ModeofPayments</h5>
                                                        <span class='badge badge-success'>12.23.2024 10:36:25</span>
                                                        <span class='badge badge-danger'>12.23.2024 10:38:31</span>
                                                        <span class='badge badge-default'>0h 2m 6s+731ms</span>
                                                    </div>
                                                    <div class="m-t-10 m-l-5">
                                                        
                                                    </div>
                                                </div>
                                            </div>
<div class="detail-body mt-4">                                              
<table class="table table-sm">
	<thead><tr>
		<th class="status-col">Status</th>
		<th class="timestamp-col">Timestamp</th>
		<th class="details-col">Details</th>
	</tr></thead>
	<tbody>
			<tr class="event-row">
				<td><i class="fa fa-check text-pass"></i></td>
				<td>10:38:31 AM</td>
				<td>
						<span class='badge white-text green'><span style='color: black;'>Test is Pass</span><br><pre style='border: 1px solid green; padding: 10px; color: black; background-color: green; font-weight: bold;'>Payment Mode :Cash
Mitchell with AGHTB4A014 is successfully enrolled to MBA.FIN
Receipt No: AGQW25A0008
Student ID: AGHTB4A014
Data saved successfully!!!
click the enter button
Project refreshed successfully.
A000042
Invoice cum Receipt No.AGQW25A0008
ID No.: AGHTB4A014Sub Course: Finance
Received with thanks from:Mr./Ms. Mitchell
Address: Hyderabad ,
Ram nagar Road Number15,  oat NO:15,
City: hyderabad
Mobile No.9877588657
Rupees: Seventeen Thousand Rupees Only
Payment Mode: Cash ,
Bank Name:
Place of Supply: Andhra Pradesh
GSTN No. 7T161ZP8A731CYPW
FIRM GSTN No. : 29ABCDE1234F1Z5
State: Telangana Code:044933
Date: 23/12/2024
Batch Code: BDB00012
Description Rupees(Rs.)
Fee 14406.78
Discount 0.00
Net Value 14406.78
IGST@ 18 0.00
CGST@ 9 1296.61
SGST@ 9 1296.61
Total Value 17000
for Agra_Franchisee
Authorised Signatory
A000042
Invoice cum Receipt No.AGQW25A0008
ID No.: AGHTB4A014Sub Course: Finance
Received with thanks from:Mr./Ms. Mitchell
Address: Hyderabad ,
Ram nagar Road Number15,  oat NO:15,
City: hyderabad
Mobile No.9877588657
Rupees: Seventeen Thousand Rupees Only
Payment Mode: Cash ,
Bank Name:
Place of Supply: Andhra Pradesh
GSTN No. 7T161ZP8A731CYPW
FIRM GSTN No. : 29ABCDE1234F1Z5
State: Telangana Code:044933
Date: 23/12/2024
Batch Code: BDB00012
Description Rupees(Rs.)
Fee 14406.78
Discount 0.00
Net Value 14406.78
IGST@ 18 0.00
CGST@ 9 1296.61
SGST@ 9 1296.61
Total Value 17000
for Agra_Franchisee
Authorised Signatory
12/23/24, 10:38 AM TEEMS: Enquiry & Enrolment Management System
https://dev.syngymaxim.com/TIME_Web/#/fresh/individualf 1/1

File exists, attempting to delete...
File deleted successfully
</pre></span>
				</td>
			</tr>
	</tbody>
</table>
</div>
                                        </div>
                                    </li>
                                    <li class="test-item"  status="fail" test-id="3"
                                            author=""
                                            tag=""
                                            device="">
                                        <div class="status-avatar fail-bg">
                                            <i class="fa fa-times text-white"></i>
                                        </div>
                                        <div class="open-test">
                                            <div class="test-detail"> 
                                                <p class="name">Creating_college_level_Enquiry</p> 
                                                <p class="duration text-sm">0h 2m 12s+958ms</p> 
                                                <span class="datetime">10:38:40 AM</span>
                                            </div>
                                        </div>
                                        <div class="test-contents d-none">
                                            <div class="detail-head">
                                                <div class="p-v-10 d-inline-block"> 
                                                    <div class="info">
                                                        <h5 class="test-status text-fail">Creating_college_level_Enquiry</h5>
                                                        <span class='badge badge-success'>12.23.2024 10:38:40</span>
                                                        <span class='badge badge-danger'>12.23.2024 10:40:53</span>
                                                        <span class='badge badge-default'>0h 2m 12s+958ms</span>
                                                    </div>
                                                    <div class="m-t-10 m-l-5">
                                                        
                                                    </div>
                                                </div>
                                            </div>
<div class="detail-body mt-4">                                              
<table class="table table-sm">
	<thead><tr>
		<th class="status-col">Status</th>
		<th class="timestamp-col">Timestamp</th>
		<th class="details-col">Details</th>
	</tr></thead>
	<tbody>
			<tr class="event-row">
				<td><i class="fa fa-times text-fail"></i></td>
				<td>10:40:53 AM</td>
				<td>
						<span class='badge white-text red'><span style='color: black;'>Test is Fail</span><br><pre style='border: 1px solid red; padding: 10px; color: black; background-color: red; font-weight: bold;'></pre></span>
				</td>
			</tr>
			<tr class="event-row">
				<td><i class="fa fa-times text-fail"></i></td>
				<td>10:40:53 AM</td>
				<td>
						<textarea disabled class="code-block">org.openqa.selenium.TimeoutException: Expected condition failed: waiting for element to be clickable: By.xpath: //*[text()='hyderabad'] (tried for 20 second(s) with 500 milliseconds interval)
	at org.openqa.selenium.support.ui.WebDriverWait.timeoutException(WebDriverWait.java:95)
	at org.openqa.selenium.support.ui.FluentWait.until(FluentWait.java:272)
	at Elements.College_Enquiry.selectdropdownbytext(College_Enquiry.java:137)
	at Enquiry.Adding_college_level_Enquiry.Creating_college_level_Enquiry(Adding_college_level_Enquiry.java:116)
	at java.base/jdk.internal.reflect.NativeMethodAccessorImpl.invoke0(Native Method)
	at java.base/jdk.internal.reflect.NativeMethodAccessorImpl.invoke(NativeMethodAccessorImpl.java:77)
	at java.base/jdk.internal.reflect.DelegatingMethodAccessorImpl.invoke(DelegatingMethodAccessorImpl.java:43)
	at java.base/java.lang.reflect.Method.invoke(Method.java:568)
	at org.testng.internal.MethodInvocationHelper.invokeMethod(MethodInvocationHelper.java:133)
	at org.testng.internal.TestInvoker.invokeMethod(TestInvoker.java:598)
	at org.testng.internal.TestInvoker.invokeTestMethod(TestInvoker.java:173)
	at org.testng.internal.MethodRunner.runInSequence(MethodRunner.java:46)
	at org.testng.internal.TestInvoker$MethodInvocationAgent.invoke(TestInvoker.java:824)
	at org.testng.internal.TestInvoker.invokeTestMethods(TestInvoker.java:146)
	at org.testng.internal.TestMethodWorker.invokeTestMethods(TestMethodWorker.java:146)
	at org.testng.internal.TestMethodWorker.run(TestMethodWorker.java:128)
	at java.base/java.util.ArrayList.forEach(ArrayList.java:1511)
	at org.testng.TestRunner.privateRun(TestRunner.java:794)
	at org.testng.TestRunner.run(TestRunner.java:596)
	at org.testng.SuiteRunner.runTest(SuiteRunner.java:377)
	at org.testng.SuiteRunner.runSequentially(SuiteRunner.java:371)
	at org.testng.SuiteRunner.privateRun(SuiteRunner.java:332)
	at org.testng.SuiteRunner.run(SuiteRunner.java:276)
	at org.testng.SuiteRunnerWorker.runSuite(SuiteRunnerWorker.java:53)
	at org.testng.SuiteRunnerWorker.run(SuiteRunnerWorker.java:96)
	at org.testng.TestNG.runSuitesSequentially(TestNG.java:1212)
	at org.testng.TestNG.runSuitesLocally(TestNG.java:1134)
	at org.testng.TestNG.runSuites(TestNG.java:1063)
	at org.testng.TestNG.run(TestNG.java:1031)
	at org.testng.remote.AbstractRemoteTestNG.run(AbstractRemoteTestNG.java:115)
	at org.testng.remote.RemoteTestNG.initAndRun(RemoteTestNG.java:251)
	at org.testng.remote.RemoteTestNG.main(RemoteTestNG.java:77)
Caused by: org.openqa.selenium.NoSuchElementException: no such element: Unable to locate element: {"method":"xpath","selector":"//*[text()='hyderabad']"}
  (Session info: chrome=131.0.6778.205)
For documentation on this error, please visit: https://www.seleniumhq.org/exceptions/no_such_element.html
Build info: version: '3.141.59', revision: 'e82be7d358', time: '2018-11-14T08:17:03'
System info: host: 'LAPTOP-A2U9APN6', ip: '10.10.2.239', os.name: 'Windows 10', os.arch: 'amd64', os.version: '10.0', java.version: '17.0.1'
Driver info: org.openqa.selenium.chrome.ChromeDriver
Capabilities {acceptInsecureCerts: false, browserName: chrome, browserVersion: 131.0.6778.205, chrome: {chromedriverVersion: 131.0.6778.69 (77e2244bbcda..., userDataDir: C:\Users\bhema\AppData\Loca...}, fedcm:accounts: true, goog:chromeOptions: {debuggerAddress: localhost:63051}, javascriptEnabled: true, networkConnectionEnabled: false, pageLoadStrategy: normal, platform: WINDOWS, platformName: WINDOWS, proxy: Proxy(), setWindowRect: true, strictFileInteractability: false, timeouts: {implicit: 0, pageLoad: 300000, script: 30000}, unhandledPromptBehavior: dismiss and notify, webauthn:extension:credBlob: true, webauthn:extension:largeBlob: true, webauthn:extension:minPinLength: true, webauthn:extension:prf: true, webauthn:virtualAuthenticators: true}
Session ID: 720cc6a68ca3e21cd7cc4be0891a6456
*** Element info: {Using=xpath, value=//*[text()='hyderabad']}
	at java.base/jdk.internal.reflect.NativeConstructorAccessorImpl.newInstance0(Native Method)
	at java.base/jdk.internal.reflect.NativeConstructorAccessorImpl.newInstance(NativeConstructorAccessorImpl.java:77)
	at java.base/jdk.internal.reflect.DelegatingConstructorAccessorImpl.newInstance(DelegatingConstructorAccessorImpl.java:45)
	at java.base/java.lang.reflect.Constructor.newInstanceWithCaller(Constructor.java:499)
	at java.base/java.lang.reflect.Constructor.newInstance(Constructor.java:480)
	at org.openqa.selenium.remote.http.W3CHttpResponseCodec.createException(W3CHttpResponseCodec.java:187)
	at org.openqa.selenium.remote.http.W3CHttpResponseCodec.decode(W3CHttpResponseCodec.java:122)
	at org.openqa.selenium.remote.http.W3CHttpResponseCodec.decode(W3CHttpResponseCodec.java:49)
	at org.openqa.selenium.remote.HttpCommandExecutor.execute(HttpCommandExecutor.java:158)
	at org.openqa.selenium.remote.service.DriverCommandExecutor.execute(DriverCommandExecutor.java:83)
	at org.openqa.selenium.remote.RemoteWebDriver.execute(RemoteWebDriver.java:552)
	at org.openqa.selenium.remote.RemoteWebDriver.findElement(RemoteWebDriver.java:323)
	at org.openqa.selenium.remote.RemoteWebDriver.findElementByXPath(RemoteWebDriver.java:428)
	at org.openqa.selenium.By$ByXPath.findElement(By.java:353)
	at org.openqa.selenium.remote.RemoteWebDriver.findElement(RemoteWebDriver.java:315)
	at org.openqa.selenium.support.ui.ExpectedConditions$7.apply(ExpectedConditions.java:205)
	at org.openqa.selenium.support.ui.ExpectedConditions$7.apply(ExpectedConditions.java:201)
	at org.openqa.selenium.support.ui.ExpectedConditions$22.apply(ExpectedConditions.java:641)
	at org.openqa.selenium.support.ui.ExpectedConditions$22.apply(ExpectedConditions.java:638)
	at org.openqa.selenium.support.ui.FluentWait.until(FluentWait.java:249)
	... 30 more
</textarea>
				</td>
			</tr>
	</tbody>
</table>
</div>
<div class="detail-foot">
	<ul class="attachments">
		<li>
			<a href="C:\selenium\TEEMS_3.0//Repots//index.html23_12_2024_10_12_53.png" data-featherlight="image">
				<div class="file-icon">
					<i class="fa fa-file-image-o"></i> 
				</div>
				<div class="file-info">
					<span class="file-name">index.html23_12_2024_10_12_53.png</span>
					<span class="file-size"> 83,609Kb</span>
				</div>
			</a>
		</li>
	</ul>
</div>
                                        </div>
                                    </li>
                                    <li class="test-item"  status="pass" test-id="4"
                                            author=""
                                            tag=""
                                            device="">
                                        <div class="status-avatar pass-bg">
                                            <i class="fa fa-check text-white"></i>
                                        </div>
                                        <div class="open-test">
                                            <div class="test-detail"> 
                                                <p class="name">Enrolling_with_All_ModeofPayments</p> 
                                                <p class="duration text-sm">0h 0m 0s+0ms</p> 
                                                <span class="datetime">10:40:54 AM</span>
                                            </div>
                                        </div>
                                        <div class="test-contents d-none">
                                            <div class="detail-head">
                                                <div class="p-v-10 d-inline-block"> 
                                                    <div class="info">
                                                        <h5 class="test-status text-pass">Enrolling_with_All_ModeofPayments</h5>
                                                        <span class='badge badge-success'>12.23.2024 10:40:54</span>
                                                        <span class='badge badge-danger'>12.23.2024 10:40:54</span>
                                                        <span class='badge badge-default'>0h 0m 0s+0ms</span>
                                                    </div>
                                                    <div class="m-t-10 m-l-5">
                                                        
                                                    </div>
                                                </div>
                                            </div>
                                        </div>
                                    </li>
                                    <li class="test-item"  status="pass" test-id="5"
                                            author=""
                                            tag=""
                                            device="">
                                        <div class="status-avatar pass-bg">
                                            <i class="fa fa-check text-white"></i>
                                        </div>
                                        <div class="open-test">
                                            <div class="test-detail"> 
                                                <p class="name">Creating_college_level_Enquiry</p> 
                                                <p class="duration text-sm">0h 2m 1s+415ms</p> 
                                                <span class="datetime">10:41:01 AM</span>
                                            </div>
                                        </div>
                                        <div class="test-contents d-none">
                                            <div class="detail-head">
                                                <div class="p-v-10 d-inline-block"> 
                                                    <div class="info">
                                                        <h5 class="test-status text-pass">Creating_college_level_Enquiry</h5>
                                                        <span class='badge badge-success'>12.23.2024 10:41:01</span>
                                                        <span class='badge badge-danger'>12.23.2024 10:43:03</span>
                                                        <span class='badge badge-default'>0h 2m 1s+415ms</span>
                                                    </div>
                                                    <div class="m-t-10 m-l-5">
                                                        
                                                    </div>
                                                </div>
                                            </div>
<div class="detail-body mt-4">                                              
<table class="table table-sm">
	<thead><tr>
		<th class="status-col">Status</th>
		<th class="timestamp-col">Timestamp</th>
		<th class="details-col">Details</th>
	</tr></thead>
	<tbody>
			<tr class="event-row">
				<td><i class="fa fa-check text-pass"></i></td>
				<td>10:43:03 AM</td>
				<td>
						<span class='badge white-text green'><span style='color: black;'>Test is Pass</span><br><pre style='border: 1px solid green; padding: 10px; color: black; background-color: green; font-weight: bold;'>Student Enquiry ID :WWHT270027
</pre></span>
				</td>
			</tr>
	</tbody>
</table>
</div>
                                        </div>
                                    </li>
                                    <li class="test-item"  status="pass" test-id="6"
                                            author=""
                                            tag=""
                                            device="">
                                        <div class="status-avatar pass-bg">
                                            <i class="fa fa-check text-white"></i>
                                        </div>
                                        <div class="open-test">
                                            <div class="test-detail"> 
                                                <p class="name">Enrolling_with_All_ModeofPayments</p> 
                                                <p class="duration text-sm">0h 2m 18s+361ms</p> 
                                                <span class="datetime">10:43:11 AM</span>
                                            </div>
                                        </div>
                                        <div class="test-contents d-none">
                                            <div class="detail-head">
                                                <div class="p-v-10 d-inline-block"> 
                                                    <div class="info">
                                                        <h5 class="test-status text-pass">Enrolling_with_All_ModeofPayments</h5>
                                                        <span class='badge badge-success'>12.23.2024 10:43:11</span>
                                                        <span class='badge badge-danger'>12.23.2024 10:45:29</span>
                                                        <span class='badge badge-default'>0h 2m 18s+361ms</span>
                                                    </div>
                                                    <div class="m-t-10 m-l-5">
                                                        
                                                    </div>
                                                </div>
                                            </div>
<div class="detail-body mt-4">                                              
<table class="table table-sm">
	<thead><tr>
		<th class="status-col">Status</th>
		<th class="timestamp-col">Timestamp</th>
		<th class="details-col">Details</th>
	</tr></thead>
	<tbody>
			<tr class="event-row">
				<td><i class="fa fa-check text-pass"></i></td>
				<td>10:45:29 AM</td>
				<td>
						<span class='badge white-text green'><span style='color: black;'>Test is Pass</span><br><pre style='border: 1px solid green; padding: 10px; color: black; background-color: green; font-weight: bold;'>Payment Mode :Credit Card
Randell with AGHTB4A015 is successfully enrolled to MBA.FIN
Receipt No: AGQW25C0001
Student ID: AGHTB4A015
Data saved successfully!!!
click the enter button
Project refreshed successfully.
A000043
Invoice cum Receipt No.AGQW25C0001
ID No.: AGHTB4A015Sub Course: Finance
Received with thanks from:Mr./Ms. Randell
Address: Hyderabad ,
Ram nagar Road Number23,  oat NO:23,
City: hyderabad
Mobile No.9642504717
Rupees: Seventeen Thousand Rupees Only
Payment Mode: Credit Card ,
Bank Name:
Place of Supply: Andhra Pradesh
GSTN No. KR34QF99RLI3BA11
FIRM GSTN No. : 29ABCDE1234F1Z5
State: Telangana Code:366486
Date: 23/12/2024
Batch Code: BDB00012
Description Rupees(Rs.)
Fee 14406.78
Discount 0.00
Net Value 14406.78
IGST@ 18 0.00
CGST@ 9 1296.61
SGST@ 9 1296.61
Total Value 17000
for Agra_Franchisee
Authorised Signatory
A000043
Invoice cum Receipt No.AGQW25C0001
ID No.: AGHTB4A015Sub Course: Finance
Received with thanks from:Mr./Ms. Randell
Address: Hyderabad ,
Ram nagar Road Number23,  oat NO:23,
City: hyderabad
Mobile No.9642504717
Rupees: Seventeen Thousand Rupees Only
Payment Mode: Credit Card ,
Bank Name:
Place of Supply: Andhra Pradesh
GSTN No. KR34QF99RLI3BA11
FIRM GSTN No. : 29ABCDE1234F1Z5
State: Telangana Code:366486
Date: 23/12/2024
Batch Code: BDB00012
Description Rupees(Rs.)
Fee 14406.78
Discount 0.00
Net Value 14406.78
IGST@ 18 0.00
CGST@ 9 1296.61
SGST@ 9 1296.61
Total Value 17000
for Agra_Franchisee
Authorised Signatory
12/23/24, 10:45 AM TEEMS: Enquiry & Enrolment Management System
https://dev.syngymaxim.com/TIME_Web/#/fresh/individualf 1/1

File exists, attempting to delete...
File deleted successfully
</pre></span>
				</td>
			</tr>
	</tbody>
</table>
</div>
                                        </div>
                                    </li>
                                    <li class="test-item"  status="pass" test-id="7"
                                            author=""
                                            tag=""
                                            device="">
                                        <div class="status-avatar pass-bg">
                                            <i class="fa fa-check text-white"></i>
                                        </div>
                                        <div class="open-test">
                                            <div class="test-detail"> 
                                                <p class="name">Creating_college_level_Enquiry</p> 
                                                <p class="duration text-sm">0h 1m 55s+413ms</p> 
                                                <span class="datetime">10:45:37 AM</span>
                                            </div>
                                        </div>
                                        <div class="test-contents d-none">
                                            <div class="detail-head">
                                                <div class="p-v-10 d-inline-block"> 
                                                    <div class="info">
                                                        <h5 class="test-status text-pass">Creating_college_level_Enquiry</h5>
                                                        <span class='badge badge-success'>12.23.2024 10:45:37</span>
                                                        <span class='badge badge-danger'>12.23.2024 10:47:32</span>
                                                        <span class='badge badge-default'>0h 1m 55s+413ms</span>
                                                    </div>
                                                    <div class="m-t-10 m-l-5">
                                                        
                                                    </div>
                                                </div>
                                            </div>
<div class="detail-body mt-4">                                              
<table class="table table-sm">
	<thead><tr>
		<th class="status-col">Status</th>
		<th class="timestamp-col">Timestamp</th>
		<th class="details-col">Details</th>
	</tr></thead>
	<tbody>
			<tr class="event-row">
				<td><i class="fa fa-check text-pass"></i></td>
				<td>10:47:32 AM</td>
				<td>
						<span class='badge white-text green'><span style='color: black;'>Test is Pass</span><br><pre style='border: 1px solid green; padding: 10px; color: black; background-color: green; font-weight: bold;'>Student Enquiry ID :WWHT270028
</pre></span>
				</td>
			</tr>
	</tbody>
</table>
</div>
                                        </div>
                                    </li>
                                    <li class="test-item"  status="fail" test-id="8"
                                            author=""
                                            tag=""
                                            device="">
                                        <div class="status-avatar fail-bg">
                                            <i class="fa fa-times text-white"></i>
                                        </div>
                                        <div class="open-test">
                                            <div class="test-detail"> 
                                                <p class="name">Enrolling_with_All_ModeofPayments</p> 
                                                <p class="duration text-sm">0h 1m 0s+503ms</p> 
                                                <span class="datetime">10:47:42 AM</span>
                                            </div>
                                        </div>
                                        <div class="test-contents d-none">
                                            <div class="detail-head">
                                                <div class="p-v-10 d-inline-block"> 
                                                    <div class="info">
                                                        <h5 class="test-status text-fail">Enrolling_with_All_ModeofPayments</h5>
                                                        <span class='badge badge-success'>12.23.2024 10:47:42</span>
                                                        <span class='badge badge-danger'>12.23.2024 10:48:42</span>
                                                        <span class='badge badge-default'>0h 1m 0s+503ms</span>
                                                    </div>
                                                    <div class="m-t-10 m-l-5">
                                                        
                                                    </div>
                                                </div>
                                            </div>
<div class="detail-body mt-4">                                              
<table class="table table-sm">
	<thead><tr>
		<th class="status-col">Status</th>
		<th class="timestamp-col">Timestamp</th>
		<th class="details-col">Details</th>
	</tr></thead>
	<tbody>
			<tr class="event-row">
				<td><i class="fa fa-times text-fail"></i></td>
				<td>10:48:42 AM</td>
				<td>
						<span class='badge white-text red'><span style='color: black;'>Test is Fail</span><br><pre style='border: 1px solid red; padding: 10px; color: black; background-color: red; font-weight: bold;'>Payment Mode :NEFT
</pre></span>
				</td>
			</tr>
			<tr class="event-row">
				<td><i class="fa fa-times text-fail"></i></td>
				<td>10:48:42 AM</td>
				<td>
						<textarea disabled class="code-block">org.openqa.selenium.NoSuchElementException: no such element: Unable to locate element: {"method":"xpath","selector":"//*[text()=' Bank Name: ']"}
  (Session info: chrome=131.0.6778.205)
For documentation on this error, please visit: https://www.seleniumhq.org/exceptions/no_such_element.html
Build info: version: '3.141.59', revision: 'e82be7d358', time: '2018-11-14T08:17:03'
System info: host: 'LAPTOP-A2U9APN6', ip: '10.10.2.239', os.name: 'Windows 10', os.arch: 'amd64', os.version: '10.0', java.version: '17.0.1'
Driver info: org.openqa.selenium.chrome.ChromeDriver
Capabilities {acceptInsecureCerts: false, browserName: chrome, browserVersion: 131.0.6778.205, chrome: {chromedriverVersion: 131.0.6778.69 (77e2244bbcda..., userDataDir: C:\Users\bhema\AppData\Loca...}, fedcm:accounts: true, goog:chromeOptions: {debuggerAddress: localhost:63288}, javascriptEnabled: true, networkConnectionEnabled: false, pageLoadStrategy: normal, platform: WINDOWS, platformName: WINDOWS, proxy: Proxy(), setWindowRect: true, strictFileInteractability: false, timeouts: {implicit: 0, pageLoad: 300000, script: 30000}, unhandledPromptBehavior: dismiss and notify, webauthn:extension:credBlob: true, webauthn:extension:largeBlob: true, webauthn:extension:minPinLength: true, webauthn:extension:prf: true, webauthn:virtualAuthenticators: true}
Session ID: 492fc26fc60e6a83aaab8ba1f95cf3ae
*** Element info: {Using=xpath, value=//*[text()=' Bank Name: ']}
	at java.base/jdk.internal.reflect.NativeConstructorAccessorImpl.newInstance0(Native Method)
	at java.base/jdk.internal.reflect.NativeConstructorAccessorImpl.newInstance(NativeConstructorAccessorImpl.java:77)
	at java.base/jdk.internal.reflect.DelegatingConstructorAccessorImpl.newInstance(DelegatingConstructorAccessorImpl.java:45)
	at java.base/java.lang.reflect.Constructor.newInstanceWithCaller(Constructor.java:499)
	at java.base/java.lang.reflect.Constructor.newInstance(Constructor.java:480)
	at org.openqa.selenium.remote.http.W3CHttpResponseCodec.createException(W3CHttpResponseCodec.java:187)
	at org.openqa.selenium.remote.http.W3CHttpResponseCodec.decode(W3CHttpResponseCodec.java:122)
	at org.openqa.selenium.remote.http.W3CHttpResponseCodec.decode(W3CHttpResponseCodec.java:49)
	at org.openqa.selenium.remote.HttpCommandExecutor.execute(HttpCommandExecutor.java:158)
	at org.openqa.selenium.remote.service.DriverCommandExecutor.execute(DriverCommandExecutor.java:83)
	at org.openqa.selenium.remote.RemoteWebDriver.execute(RemoteWebDriver.java:552)
	at org.openqa.selenium.remote.RemoteWebDriver.findElement(RemoteWebDriver.java:323)
	at org.openqa.selenium.remote.RemoteWebDriver.findElementByXPath(RemoteWebDriver.java:428)
	at org.openqa.selenium.By$ByXPath.findElement(By.java:353)
	at org.openqa.selenium.remote.RemoteWebDriver.findElement(RemoteWebDriver.java:315)
	at Elements.Enrollement.verifypreviewdetails(Enrollement.java:491)
	at Enquiry.Enrolling_Student_with_all_Modeofpayments.Enrolling_with_All_ModeofPayments(Enrolling_Student_with_all_Modeofpayments.java:55)
	at java.base/jdk.internal.reflect.NativeMethodAccessorImpl.invoke0(Native Method)
	at java.base/jdk.internal.reflect.NativeMethodAccessorImpl.invoke(NativeMethodAccessorImpl.java:77)
	at java.base/jdk.internal.reflect.DelegatingMethodAccessorImpl.invoke(DelegatingMethodAccessorImpl.java:43)
	at java.base/java.lang.reflect.Method.invoke(Method.java:568)
	at org.testng.internal.MethodInvocationHelper.invokeMethod(MethodInvocationHelper.java:133)
	at org.testng.internal.TestInvoker.invokeMethod(TestInvoker.java:598)
	at org.testng.internal.TestInvoker.invokeTestMethod(TestInvoker.java:173)
	at org.testng.internal.MethodRunner.runInSequence(MethodRunner.java:46)
	at org.testng.internal.TestInvoker$MethodInvocationAgent.invoke(TestInvoker.java:824)
	at org.testng.internal.TestInvoker.invokeTestMethods(TestInvoker.java:146)
	at org.testng.internal.TestMethodWorker.invokeTestMethods(TestMethodWorker.java:146)
	at org.testng.internal.TestMethodWorker.run(TestMethodWorker.java:128)
	at java.base/java.util.ArrayList.forEach(ArrayList.java:1511)
	at org.testng.TestRunner.privateRun(TestRunner.java:794)
	at org.testng.TestRunner.run(TestRunner.java:596)
	at org.testng.SuiteRunner.runTest(SuiteRunner.java:377)
	at org.testng.SuiteRunner.runSequentially(SuiteRunner.java:371)
	at org.testng.SuiteRunner.privateRun(SuiteRunner.java:332)
	at org.testng.SuiteRunner.run(SuiteRunner.java:276)
	at org.testng.SuiteRunnerWorker.runSuite(SuiteRunnerWorker.java:53)
	at org.testng.SuiteRunnerWorker.run(SuiteRunnerWorker.java:96)
	at org.testng.TestNG.runSuitesSequentially(TestNG.java:1212)
	at org.testng.TestNG.runSuitesLocally(TestNG.java:1134)
	at org.testng.TestNG.runSuites(TestNG.java:1063)
	at org.testng.TestNG.run(TestNG.java:1031)
	at org.testng.remote.AbstractRemoteTestNG.run(AbstractRemoteTestNG.java:115)
	at org.testng.remote.RemoteTestNG.initAndRun(RemoteTestNG.java:251)
	at org.testng.remote.RemoteTestNG.main(RemoteTestNG.java:77)
</textarea>
				</td>
			</tr>
	</tbody>
</table>
</div>
<div class="detail-foot">
	<ul class="attachments">
		<li>
			<a href="C:\selenium\TEEMS_3.0//Repots//index.html23_12_2024_10_12_42.png" data-featherlight="image">
				<div class="file-icon">
					<i class="fa fa-file-image-o"></i> 
				</div>
				<div class="file-info">
					<span class="file-name">index.html23_12_2024_10_12_42.png</span>
					<span class="file-size"> 100,608Kb</span>
				</div>
			</a>
		</li>
	</ul>
</div>
                                        </div>
                                    </li>
                                    <li class="test-item"  status="fail" test-id="9"
                                            author=""
                                            tag=""
                                            device="">
                                        <div class="status-avatar fail-bg">
                                            <i class="fa fa-times text-white"></i>
                                        </div>
                                        <div class="open-test">
                                            <div class="test-detail"> 
                                                <p class="name">Creating_college_level_Enquiry</p> 
                                                <p class="duration text-sm">0h 2m 5s+969ms</p> 
                                                <span class="datetime">10:48:51 AM</span>
                                            </div>
                                        </div>
                                        <div class="test-contents d-none">
                                            <div class="detail-head">
                                                <div class="p-v-10 d-inline-block"> 
                                                    <div class="info">
                                                        <h5 class="test-status text-fail">Creating_college_level_Enquiry</h5>
                                                        <span class='badge badge-success'>12.23.2024 10:48:51</span>
                                                        <span class='badge badge-danger'>12.23.2024 10:50:57</span>
                                                        <span class='badge badge-default'>0h 2m 5s+969ms</span>
                                                    </div>
                                                    <div class="m-t-10 m-l-5">
                                                        
                                                    </div>
                                                </div>
                                            </div>
<div class="detail-body mt-4">                                              
<table class="table table-sm">
	<thead><tr>
		<th class="status-col">Status</th>
		<th class="timestamp-col">Timestamp</th>
		<th class="details-col">Details</th>
	</tr></thead>
	<tbody>
			<tr class="event-row">
				<td><i class="fa fa-times text-fail"></i></td>
				<td>10:50:57 AM</td>
				<td>
						<span class='badge white-text red'><span style='color: black;'>Test is Fail</span><br><pre style='border: 1px solid red; padding: 10px; color: black; background-color: red; font-weight: bold;'></pre></span>
				</td>
			</tr>
			<tr class="event-row">
				<td><i class="fa fa-times text-fail"></i></td>
				<td>10:50:57 AM</td>
				<td>
						<textarea disabled class="code-block">org.openqa.selenium.ElementClickInterceptedException: element click intercepted: Element is not clickable at point (525, 619)
  (Session info: chrome=131.0.6778.205)
Build info: version: '3.141.59', revision: 'e82be7d358', time: '2018-11-14T08:17:03'
System info: host: 'LAPTOP-A2U9APN6', ip: '10.10.2.239', os.name: 'Windows 10', os.arch: 'amd64', os.version: '10.0', java.version: '17.0.1'
Driver info: org.openqa.selenium.chrome.ChromeDriver
Capabilities {acceptInsecureCerts: false, browserName: chrome, browserVersion: 131.0.6778.205, chrome: {chromedriverVersion: 131.0.6778.69 (77e2244bbcda..., userDataDir: C:\Users\bhema\AppData\Loca...}, fedcm:accounts: true, goog:chromeOptions: {debuggerAddress: localhost:63323}, javascriptEnabled: true, networkConnectionEnabled: false, pageLoadStrategy: normal, platform: WINDOWS, platformName: WINDOWS, proxy: Proxy(), setWindowRect: true, strictFileInteractability: false, timeouts: {implicit: 0, pageLoad: 300000, script: 30000}, unhandledPromptBehavior: dismiss and notify, webauthn:extension:credBlob: true, webauthn:extension:largeBlob: true, webauthn:extension:minPinLength: true, webauthn:extension:prf: true, webauthn:virtualAuthenticators: true}
Session ID: f835f1cb41df939b648bc36380e5d50c
	at java.base/jdk.internal.reflect.NativeConstructorAccessorImpl.newInstance0(Native Method)
	at java.base/jdk.internal.reflect.NativeConstructorAccessorImpl.newInstance(NativeConstructorAccessorImpl.java:77)
	at java.base/jdk.internal.reflect.DelegatingConstructorAccessorImpl.newInstance(DelegatingConstructorAccessorImpl.java:45)
	at java.base/java.lang.reflect.Constructor.newInstanceWithCaller(Constructor.java:499)
	at java.base/java.lang.reflect.Constructor.newInstance(Constructor.java:480)
	at org.openqa.selenium.remote.http.W3CHttpResponseCodec.createException(W3CHttpResponseCodec.java:187)
	at org.openqa.selenium.remote.http.W3CHttpResponseCodec.decode(W3CHttpResponseCodec.java:122)
	at org.openqa.selenium.remote.http.W3CHttpResponseCodec.decode(W3CHttpResponseCodec.java:49)
	at org.openqa.selenium.remote.HttpCommandExecutor.execute(HttpCommandExecutor.java:158)
	at org.openqa.selenium.remote.service.DriverCommandExecutor.execute(DriverCommandExecutor.java:83)
	at org.openqa.selenium.remote.RemoteWebDriver.execute(RemoteWebDriver.java:552)
	at org.openqa.selenium.remote.RemoteWebElement.execute(RemoteWebElement.java:285)
	at org.openqa.selenium.remote.RemoteWebElement.click(RemoteWebElement.java:84)
	at Elements.College_Enquiry.clickSaveanEnquiry(College_Enquiry.java:75)
	at Enquiry.Adding_college_level_Enquiry.Creating_college_level_Enquiry(Adding_college_level_Enquiry.java:132)
	at java.base/jdk.internal.reflect.NativeMethodAccessorImpl.invoke0(Native Method)
	at java.base/jdk.internal.reflect.NativeMethodAccessorImpl.invoke(NativeMethodAccessorImpl.java:77)
	at java.base/jdk.internal.reflect.DelegatingMethodAccessorImpl.invoke(DelegatingMethodAccessorImpl.java:43)
	at java.base/java.lang.reflect.Method.invoke(Method.java:568)
	at org.testng.internal.MethodInvocationHelper.invokeMethod(MethodInvocationHelper.java:133)
	at org.testng.internal.TestInvoker.invokeMethod(TestInvoker.java:598)
	at org.testng.internal.TestInvoker.invokeTestMethod(TestInvoker.java:173)
	at org.testng.internal.MethodRunner.runInSequence(MethodRunner.java:46)
	at org.testng.internal.TestInvoker$MethodInvocationAgent.invoke(TestInvoker.java:824)
	at org.testng.internal.TestInvoker.invokeTestMethods(TestInvoker.java:146)
	at org.testng.internal.TestMethodWorker.invokeTestMethods(TestMethodWorker.java:146)
	at org.testng.internal.TestMethodWorker.run(TestMethodWorker.java:128)
	at java.base/java.util.ArrayList.forEach(ArrayList.java:1511)
	at org.testng.TestRunner.privateRun(TestRunner.java:794)
	at org.testng.TestRunner.run(TestRunner.java:596)
	at org.testng.SuiteRunner.runTest(SuiteRunner.java:377)
	at org.testng.SuiteRunner.runSequentially(SuiteRunner.java:371)
	at org.testng.SuiteRunner.privateRun(SuiteRunner.java:332)
	at org.testng.SuiteRunner.run(SuiteRunner.java:276)
	at org.testng.SuiteRunnerWorker.runSuite(SuiteRunnerWorker.java:53)
	at org.testng.SuiteRunnerWorker.run(SuiteRunnerWorker.java:96)
	at org.testng.TestNG.runSuitesSequentially(TestNG.java:1212)
	at org.testng.TestNG.runSuitesLocally(TestNG.java:1134)
	at org.testng.TestNG.runSuites(TestNG.java:1063)
	at org.testng.TestNG.run(TestNG.java:1031)
	at org.testng.remote.AbstractRemoteTestNG.run(AbstractRemoteTestNG.java:115)
	at org.testng.remote.RemoteTestNG.initAndRun(RemoteTestNG.java:251)
	at org.testng.remote.RemoteTestNG.main(RemoteTestNG.java:77)
</textarea>
				</td>
			</tr>
	</tbody>
</table>
</div>
<div class="detail-foot">
	<ul class="attachments">
		<li>
			<a href="C:\selenium\TEEMS_3.0//Repots//index.html23_12_2024_10_12_57.png" data-featherlight="image">
				<div class="file-icon">
					<i class="fa fa-file-image-o"></i> 
				</div>
				<div class="file-info">
					<span class="file-name">index.html23_12_2024_10_12_57.png</span>
					<span class="file-size"> 73,448Kb</span>
				</div>
			</a>
		</li>
	</ul>
</div>
                                        </div>
                                    </li>
                                    <li class="test-item"  status="pass" test-id="10"
                                            author=""
                                            tag=""
                                            device="">
                                        <div class="status-avatar pass-bg">
                                            <i class="fa fa-check text-white"></i>
                                        </div>
                                        <div class="open-test">
                                            <div class="test-detail"> 
                                                <p class="name">Enrolling_with_All_ModeofPayments</p> 
                                                <p class="duration text-sm">0h 0m 0s+0ms</p> 
                                                <span class="datetime">10:50:58 AM</span>
                                            </div>
                                        </div>
                                        <div class="test-contents d-none">
                                            <div class="detail-head">
                                                <div class="p-v-10 d-inline-block"> 
                                                    <div class="info">
                                                        <h5 class="test-status text-pass">Enrolling_with_All_ModeofPayments</h5>
                                                        <span class='badge badge-success'>12.23.2024 10:50:58</span>
                                                        <span class='badge badge-danger'>12.23.2024 10:50:58</span>
                                                        <span class='badge badge-default'>0h 0m 0s+0ms</span>
                                                    </div>
                                                    <div class="m-t-10 m-l-5">
                                                        
                                                    </div>
                                                </div>
                                            </div>
                                        </div>
                                    </li>
                                    <li class="test-item"  status="pass" test-id="11"
                                            author=""
                                            tag=""
                                            device="">
                                        <div class="status-avatar pass-bg">
                                            <i class="fa fa-check text-white"></i>
                                        </div>
                                        <div class="open-test">
                                            <div class="test-detail"> 
                                                <p class="name">Creating_college_level_Enquiry</p> 
                                                <p class="duration text-sm">0h 2m 0s+78ms</p> 
                                                <span class="datetime">10:51:05 AM</span>
                                            </div>
                                        </div>
                                        <div class="test-contents d-none">
                                            <div class="detail-head">
                                                <div class="p-v-10 d-inline-block"> 
                                                    <div class="info">
                                                        <h5 class="test-status text-pass">Creating_college_level_Enquiry</h5>
                                                        <span class='badge badge-success'>12.23.2024 10:51:05</span>
                                                        <span class='badge badge-danger'>12.23.2024 10:53:05</span>
                                                        <span class='badge badge-default'>0h 2m 0s+78ms</span>
                                                    </div>
                                                    <div class="m-t-10 m-l-5">
                                                        
                                                    </div>
                                                </div>
                                            </div>
<div class="detail-body mt-4">                                              
<table class="table table-sm">
	<thead><tr>
		<th class="status-col">Status</th>
		<th class="timestamp-col">Timestamp</th>
		<th class="details-col">Details</th>
	</tr></thead>
	<tbody>
			<tr class="event-row">
				<td><i class="fa fa-check text-pass"></i></td>
				<td>10:53:05 AM</td>
				<td>
						<span class='badge white-text green'><span style='color: black;'>Test is Pass</span><br><pre style='border: 1px solid green; padding: 10px; color: black; background-color: green; font-weight: bold;'>Student Enquiry ID :WWHT270029
</pre></span>
				</td>
			</tr>
	</tbody>
</table>
</div>
                                        </div>
                                    </li>
                                    <li class="test-item"  status="fail" test-id="12"
                                            author=""
                                            tag=""
                                            device="">
                                        <div class="status-avatar fail-bg">
                                            <i class="fa fa-times text-white"></i>
                                        </div>
                                        <div class="open-test">
                                            <div class="test-detail"> 
                                                <p class="name">Enrolling_with_All_ModeofPayments</p> 
                                                <p class="duration text-sm">0h 1m 0s+484ms</p> 
                                                <span class="datetime">10:53:14 AM</span>
                                            </div>
                                        </div>
                                        <div class="test-contents d-none">
                                            <div class="detail-head">
                                                <div class="p-v-10 d-inline-block"> 
                                                    <div class="info">
                                                        <h5 class="test-status text-fail">Enrolling_with_All_ModeofPayments</h5>
                                                        <span class='badge badge-success'>12.23.2024 10:53:14</span>
                                                        <span class='badge badge-danger'>12.23.2024 10:54:15</span>
                                                        <span class='badge badge-default'>0h 1m 0s+484ms</span>
                                                    </div>
                                                    <div class="m-t-10 m-l-5">
                                                        
                                                    </div>
                                                </div>
                                            </div>
<div class="detail-body mt-4">                                              
<table class="table table-sm">
	<thead><tr>
		<th class="status-col">Status</th>
		<th class="timestamp-col">Timestamp</th>
		<th class="details-col">Details</th>
	</tr></thead>
	<tbody>
			<tr class="event-row">
				<td><i class="fa fa-times text-fail"></i></td>
				<td>10:54:15 AM</td>
				<td>
						<span class='badge white-text red'><span style='color: black;'>Test is Fail</span><br><pre style='border: 1px solid red; padding: 10px; color: black; background-color: red; font-weight: bold;'>Payment Mode :Direct Transfer to Bank
</pre></span>
				</td>
			</tr>
			<tr class="event-row">
				<td><i class="fa fa-times text-fail"></i></td>
				<td>10:54:15 AM</td>
				<td>
						<textarea disabled class="code-block">org.openqa.selenium.NoSuchElementException: no such element: Unable to locate element: {"method":"xpath","selector":"//*[text()=' Bank Name: ']"}
  (Session info: chrome=131.0.6778.205)
For documentation on this error, please visit: https://www.seleniumhq.org/exceptions/no_such_element.html
Build info: version: '3.141.59', revision: 'e82be7d358', time: '2018-11-14T08:17:03'
System info: host: 'LAPTOP-A2U9APN6', ip: '10.10.2.239', os.name: 'Windows 10', os.arch: 'amd64', os.version: '10.0', java.version: '17.0.1'
Driver info: org.openqa.selenium.chrome.ChromeDriver
Capabilities {acceptInsecureCerts: false, browserName: chrome, browserVersion: 131.0.6778.205, chrome: {chromedriverVersion: 131.0.6778.69 (77e2244bbcda..., userDataDir: C:\Users\bhema\AppData\Loca...}, fedcm:accounts: true, goog:chromeOptions: {debuggerAddress: localhost:63467}, javascriptEnabled: true, networkConnectionEnabled: false, pageLoadStrategy: normal, platform: WINDOWS, platformName: WINDOWS, proxy: Proxy(), setWindowRect: true, strictFileInteractability: false, timeouts: {implicit: 0, pageLoad: 300000, script: 30000}, unhandledPromptBehavior: dismiss and notify, webauthn:extension:credBlob: true, webauthn:extension:largeBlob: true, webauthn:extension:minPinLength: true, webauthn:extension:prf: true, webauthn:virtualAuthenticators: true}
Session ID: cb039de251f1813782cae3fd6b248788
*** Element info: {Using=xpath, value=//*[text()=' Bank Name: ']}
	at java.base/jdk.internal.reflect.NativeConstructorAccessorImpl.newInstance0(Native Method)
	at java.base/jdk.internal.reflect.NativeConstructorAccessorImpl.newInstance(NativeConstructorAccessorImpl.java:77)
	at java.base/jdk.internal.reflect.DelegatingConstructorAccessorImpl.newInstance(DelegatingConstructorAccessorImpl.java:45)
	at java.base/java.lang.reflect.Constructor.newInstanceWithCaller(Constructor.java:499)
	at java.base/java.lang.reflect.Constructor.newInstance(Constructor.java:480)
	at org.openqa.selenium.remote.http.W3CHttpResponseCodec.createException(W3CHttpResponseCodec.java:187)
	at org.openqa.selenium.remote.http.W3CHttpResponseCodec.decode(W3CHttpResponseCodec.java:122)
	at org.openqa.selenium.remote.http.W3CHttpResponseCodec.decode(W3CHttpResponseCodec.java:49)
	at org.openqa.selenium.remote.HttpCommandExecutor.execute(HttpCommandExecutor.java:158)
	at org.openqa.selenium.remote.service.DriverCommandExecutor.execute(DriverCommandExecutor.java:83)
	at org.openqa.selenium.remote.RemoteWebDriver.execute(RemoteWebDriver.java:552)
	at org.openqa.selenium.remote.RemoteWebDriver.findElement(RemoteWebDriver.java:323)
	at org.openqa.selenium.remote.RemoteWebDriver.findElementByXPath(RemoteWebDriver.java:428)
	at org.openqa.selenium.By$ByXPath.findElement(By.java:353)
	at org.openqa.selenium.remote.RemoteWebDriver.findElement(RemoteWebDriver.java:315)
	at Elements.Enrollement.verifypreviewdetails(Enrollement.java:491)
	at Enquiry.Enrolling_Student_with_all_Modeofpayments.Enrolling_with_All_ModeofPayments(Enrolling_Student_with_all_Modeofpayments.java:55)
	at java.base/jdk.internal.reflect.NativeMethodAccessorImpl.invoke0(Native Method)
	at java.base/jdk.internal.reflect.NativeMethodAccessorImpl.invoke(NativeMethodAccessorImpl.java:77)
	at java.base/jdk.internal.reflect.DelegatingMethodAccessorImpl.invoke(DelegatingMethodAccessorImpl.java:43)
	at java.base/java.lang.reflect.Method.invoke(Method.java:568)
	at org.testng.internal.MethodInvocationHelper.invokeMethod(MethodInvocationHelper.java:133)
	at org.testng.internal.TestInvoker.invokeMethod(TestInvoker.java:598)
	at org.testng.internal.TestInvoker.invokeTestMethod(TestInvoker.java:173)
	at org.testng.internal.MethodRunner.runInSequence(MethodRunner.java:46)
	at org.testng.internal.TestInvoker$MethodInvocationAgent.invoke(TestInvoker.java:824)
	at org.testng.internal.TestInvoker.invokeTestMethods(TestInvoker.java:146)
	at org.testng.internal.TestMethodWorker.invokeTestMethods(TestMethodWorker.java:146)
	at org.testng.internal.TestMethodWorker.run(TestMethodWorker.java:128)
	at java.base/java.util.ArrayList.forEach(ArrayList.java:1511)
	at org.testng.TestRunner.privateRun(TestRunner.java:794)
	at org.testng.TestRunner.run(TestRunner.java:596)
	at org.testng.SuiteRunner.runTest(SuiteRunner.java:377)
	at org.testng.SuiteRunner.runSequentially(SuiteRunner.java:371)
	at org.testng.SuiteRunner.privateRun(SuiteRunner.java:332)
	at org.testng.SuiteRunner.run(SuiteRunner.java:276)
	at org.testng.SuiteRunnerWorker.runSuite(SuiteRunnerWorker.java:53)
	at org.testng.SuiteRunnerWorker.run(SuiteRunnerWorker.java:96)
	at org.testng.TestNG.runSuitesSequentially(TestNG.java:1212)
	at org.testng.TestNG.runSuitesLocally(TestNG.java:1134)
	at org.testng.TestNG.runSuites(TestNG.java:1063)
	at org.testng.TestNG.run(TestNG.java:1031)
	at org.testng.remote.AbstractRemoteTestNG.run(AbstractRemoteTestNG.java:115)
	at org.testng.remote.RemoteTestNG.initAndRun(RemoteTestNG.java:251)
	at org.testng.remote.RemoteTestNG.main(RemoteTestNG.java:77)
</textarea>
				</td>
			</tr>
	</tbody>
</table>
</div>
<div class="detail-foot">
	<ul class="attachments">
		<li>
			<a href="C:\selenium\TEEMS_3.0//Repots//index.html23_12_2024_10_12_15.png" data-featherlight="image">
				<div class="file-icon">
					<i class="fa fa-file-image-o"></i> 
				</div>
				<div class="file-info">
					<span class="file-name">index.html23_12_2024_10_12_15.png</span>
					<span class="file-size"> 102,257Kb</span>
				</div>
			</a>
		</li>
	</ul>
</div>
                                        </div>
                                    </li>
                                    <li class="test-item"  status="pass" test-id="13"
                                            author=""
                                            tag=""
                                            device="">
                                        <div class="status-avatar pass-bg">
                                            <i class="fa fa-check text-white"></i>
                                        </div>
                                        <div class="open-test">
                                            <div class="test-detail"> 
                                                <p class="name">Creating_college_level_Enquiry</p> 
                                                <p class="duration text-sm">0h 1m 53s+832ms</p> 
                                                <span class="datetime">10:54:23 AM</span>
                                            </div>
                                        </div>
                                        <div class="test-contents d-none">
                                            <div class="detail-head">
                                                <div class="p-v-10 d-inline-block"> 
                                                    <div class="info">
                                                        <h5 class="test-status text-pass">Creating_college_level_Enquiry</h5>
                                                        <span class='badge badge-success'>12.23.2024 10:54:23</span>
                                                        <span class='badge badge-danger'>12.23.2024 10:56:17</span>
                                                        <span class='badge badge-default'>0h 1m 53s+832ms</span>
                                                    </div>
                                                    <div class="m-t-10 m-l-5">
                                                        
                                                    </div>
                                                </div>
                                            </div>
<div class="detail-body mt-4">                                              
<table class="table table-sm">
	<thead><tr>
		<th class="status-col">Status</th>
		<th class="timestamp-col">Timestamp</th>
		<th class="details-col">Details</th>
	</tr></thead>
	<tbody>
			<tr class="event-row">
				<td><i class="fa fa-check text-pass"></i></td>
				<td>10:56:17 AM</td>
				<td>
						<span class='badge white-text green'><span style='color: black;'>Test is Pass</span><br><pre style='border: 1px solid green; padding: 10px; color: black; background-color: green; font-weight: bold;'>Student Enquiry ID :WWHT270030
</pre></span>
				</td>
			</tr>
	</tbody>
</table>
</div>
                                        </div>
                                    </li>
                                    <li class="test-item"  status="pass" test-id="14"
                                            author=""
                                            tag=""
                                            device="">
                                        <div class="status-avatar pass-bg">
                                            <i class="fa fa-check text-white"></i>
                                        </div>
                                        <div class="open-test">
                                            <div class="test-detail"> 
                                                <p class="name">Enrolling_with_All_ModeofPayments</p> 
                                                <p class="duration text-sm">0h 1m 49s+72ms</p> 
                                                <span class="datetime">10:56:25 AM</span>
                                            </div>
                                        </div>
                                        <div class="test-contents d-none">
                                            <div class="detail-head">
                                                <div class="p-v-10 d-inline-block"> 
                                                    <div class="info">
                                                        <h5 class="test-status text-pass">Enrolling_with_All_ModeofPayments</h5>
                                                        <span class='badge badge-success'>12.23.2024 10:56:25</span>
                                                        <span class='badge badge-danger'>12.23.2024 10:58:14</span>
                                                        <span class='badge badge-default'>0h 1m 49s+72ms</span>
                                                    </div>
                                                    <div class="m-t-10 m-l-5">
                                                        
                                                    </div>
                                                </div>
                                            </div>
<div class="detail-body mt-4">                                              
<table class="table table-sm">
	<thead><tr>
		<th class="status-col">Status</th>
		<th class="timestamp-col">Timestamp</th>
		<th class="details-col">Details</th>
	</tr></thead>
	<tbody>
			<tr class="event-row">
				<td><i class="fa fa-check text-pass"></i></td>
				<td>10:58:14 AM</td>
				<td>
						<span class='badge white-text green'><span style='color: black;'>Test is Pass</span><br><pre style='border: 1px solid green; padding: 10px; color: black; background-color: green; font-weight: bold;'>Payment Mode :TDS
Antonina with AGHTB4A016 is successfully enrolled to MBA.FIN
Receipt No: AGQW25D0001
Student ID: AGHTB4A016
Data saved successfully!!!
click the enter button
Project refreshed successfully.
A000044
Invoice cum Receipt No.AGQW25D0001
ID No.: AGHTB4A016Sub Course: Finance
Received with thanks from:Mr./Ms. Antonina
Address: Hyderabad ,
Ram nagar Road Number16,  oat NO:16,
City: hyderabad
Mobile No.9174843606
Rupees: Seventeen Thousand Rupees Only
Payment Mode: TDS ,
Bank Name:
Place of Supply: Andhra Pradesh
GSTN No. 13NX8X8O954K8139
FIRM GSTN No. : 29ABCDE1234F1Z5
State: Telangana Code:072036
Date: 23/12/2024
Batch Code: BDB00012
Description Rupees(Rs.)
Fee 14406.78
Discount 0.00
Net Value 14406.78
IGST@ 18 0.00
CGST@ 9 1296.61
SGST@ 9 1296.61
Total Value 17000
for Agra_Franchisee
Authorised Signatory
A000044
Invoice cum Receipt No.AGQW25D0001
ID No.: AGHTB4A016Sub Course: Finance
Received with thanks from:Mr./Ms. Antonina
Address: Hyderabad ,
Ram nagar Road Number16,  oat NO:16,
City: hyderabad
Mobile No.9174843606
Rupees: Seventeen Thousand Rupees Only
Payment Mode: TDS ,
Bank Name:
Place of Supply: Andhra Pradesh
GSTN No. 13NX8X8O954K8139
FIRM GSTN No. : 29ABCDE1234F1Z5
State: Telangana Code:072036
Date: 23/12/2024
Batch Code: BDB00012
Description Rupees(Rs.)
Fee 14406.78
Discount 0.00
Net Value 14406.78
IGST@ 18 0.00
CGST@ 9 1296.61
SGST@ 9 1296.61
Total Value 17000
for Agra_Franchisee
Authorised Signatory
12/23/24, 10:58 AM TEEMS: Enquiry & Enrolment Management System
https://dev.syngymaxim.com/TIME_Web/#/fresh/individualf 1/1

File exists, attempting to delete...
File deleted successfully
</pre></span>
				</td>
			</tr>
	</tbody>
</table>
</div>
                                        </div>
                                    </li>
                                    <li class="test-item"  status="pass" test-id="15"
                                            author=""
                                            tag=""
                                            device="">
                                        <div class="status-avatar pass-bg">
                                            <i class="fa fa-check text-white"></i>
                                        </div>
                                        <div class="open-test">
                                            <div class="test-detail"> 
                                                <p class="name">Creating_college_level_Enquiry</p> 
                                                <p class="duration text-sm">0h 1m 55s+830ms</p> 
                                                <span class="datetime">10:58:21 AM</span>
                                            </div>
                                        </div>
                                        <div class="test-contents d-none">
                                            <div class="detail-head">
                                                <div class="p-v-10 d-inline-block"> 
                                                    <div class="info">
                                                        <h5 class="test-status text-pass">Creating_college_level_Enquiry</h5>
                                                        <span class='badge badge-success'>12.23.2024 10:58:21</span>
                                                        <span class='badge badge-danger'>12.23.2024 11:00:17</span>
                                                        <span class='badge badge-default'>0h 1m 55s+830ms</span>
                                                    </div>
                                                    <div class="m-t-10 m-l-5">
                                                        
                                                    </div>
                                                </div>
                                            </div>
<div class="detail-body mt-4">                                              
<table class="table table-sm">
	<thead><tr>
		<th class="status-col">Status</th>
		<th class="timestamp-col">Timestamp</th>
		<th class="details-col">Details</th>
	</tr></thead>
	<tbody>
			<tr class="event-row">
				<td><i class="fa fa-check text-pass"></i></td>
				<td>11:00:17 AM</td>
				<td>
						<span class='badge white-text green'><span style='color: black;'>Test is Pass</span><br><pre style='border: 1px solid green; padding: 10px; color: black; background-color: green; font-weight: bold;'>Student Enquiry ID :WWHT270031
</pre></span>
				</td>
			</tr>
	</tbody>
</table>
</div>
                                        </div>
                                    </li>
                                    <li class="test-item"  status="pass" test-id="16"
                                            author=""
                                            tag=""
                                            device="">
                                        <div class="status-avatar pass-bg">
                                            <i class="fa fa-check text-white"></i>
                                        </div>
                                        <div class="open-test">
                                            <div class="test-detail"> 
                                                <p class="name">Enrolling_with_All_ModeofPayments</p> 
                                                <p class="duration text-sm">0h 1m 48s+349ms</p> 
                                                <span class="datetime">11:00:26 AM</span>
                                            </div>
                                        </div>
                                        <div class="test-contents d-none">
                                            <div class="detail-head">
                                                <div class="p-v-10 d-inline-block"> 
                                                    <div class="info">
                                                        <h5 class="test-status text-pass">Enrolling_with_All_ModeofPayments</h5>
                                                        <span class='badge badge-success'>12.23.2024 11:00:26</span>
                                                        <span class='badge badge-danger'>12.23.2024 11:02:14</span>
                                                        <span class='badge badge-default'>0h 1m 48s+349ms</span>
                                                    </div>
                                                    <div class="m-t-10 m-l-5">
                                                        
                                                    </div>
                                                </div>
                                            </div>
<div class="detail-body mt-4">                                              
<table class="table table-sm">
	<thead><tr>
		<th class="status-col">Status</th>
		<th class="timestamp-col">Timestamp</th>
		<th class="details-col">Details</th>
	</tr></thead>
	<tbody>
			<tr class="event-row">
				<td><i class="fa fa-check text-pass"></i></td>
				<td>11:02:14 AM</td>
				<td>
						<span class='badge white-text green'><span style='color: black;'>Test is Pass</span><br><pre style='border: 1px solid green; padding: 10px; color: black; background-color: green; font-weight: bold;'>Payment Mode :Others
Foster with AGHTB4A017 is successfully enrolled to MBA.FIN
Receipt No: AGQW25D0002
Student ID: AGHTB4A017
Data saved successfully!!!
click the enter button
Project refreshed successfully.
A000045
Invoice cum Receipt No.AGQW25D0002
ID No.: AGHTB4A017Sub Course: Finance
Received with thanks from:Mr./Ms. Foster
Address: Hyderabad ,
Ram nagar Road Number26,  oat NO:26,
City: hyderabad
Mobile No.9457834262
Rupees: Seventeen Thousand Rupees Only
Payment Mode: Others ,
Bank Name:
Place of Supply: Andhra Pradesh
GSTN No. JARZ32L118HS51RF
FIRM GSTN No. : 29ABCDE1234F1Z5
State: Telangana Code:551748
Date: 23/12/2024
Batch Code: BDB00012
Description Rupees(Rs.)
Fee 14406.78
Discount 0.00
Net Value 14406.78
IGST@ 18 0.00
CGST@ 9 1296.61
SGST@ 9 1296.61
Total Value 17000
for Agra_Franchisee
Authorised Signatory
A000045
Invoice cum Receipt No.AGQW25D0002
ID No.: AGHTB4A017Sub Course: Finance
Received with thanks from:Mr./Ms. Foster
Address: Hyderabad ,
Ram nagar Road Number26,  oat NO:26,
City: hyderabad
Mobile No.9457834262
Rupees: Seventeen Thousand Rupees Only
Payment Mode: Others ,
Bank Name:
Place of Supply: Andhra Pradesh
GSTN No. JARZ32L118HS51RF
FIRM GSTN No. : 29ABCDE1234F1Z5
State: Telangana Code:551748
Date: 23/12/2024
Batch Code: BDB00012
Description Rupees(Rs.)
Fee 14406.78
Discount 0.00
Net Value 14406.78
IGST@ 18 0.00
CGST@ 9 1296.61
SGST@ 9 1296.61
Total Value 17000
for Agra_Franchisee
Authorised Signatory
12/23/24, 11:02 AM TEEMS: Enquiry & Enrolment Management System
https://dev.syngymaxim.com/TIME_Web/#/fresh/individualf 1/1

File exists, attempting to delete...
File deleted successfully
</pre></span>
				</td>
			</tr>
	</tbody>
</table>
</div>
                                        </div>
                                    </li>
                                </ul>    
                            </div>
                        </div>
                        <div class="test-content scrollable">
                            <div class="test-content-tools">
                                <ul>
                                    <li>
                                        <a class="back-to-test" href="javascript:void(0)">
                                            <i class="fa fa-arrow-left"></i>
                                        </a>
                                    </li>
                                </ul>
                            </div>
                            <div class="test-content-detail">
                                <div class="detail-body"></div>
                            </div>
                        </div>
                    </div>
                </div>
            </div>
        </div>
    </div>
<script src="https://cdn.rawgit.com/extent-framework/extent-github-cdn/24cb10e/spark/js/script.js"></script>
</body>
</html>