<?xml version="1.0" encoding="UTF-8"?>
<!-- Generated by org.testng.reporters.JUnitXMLReporter -->
<testsuite ignored="0" hostname="LAPTOP-A2U9APN6" failures="1" tests="1" name="Updating_Resume" time="33.84" errors="0" timestamp="2024-08-25T16:29:47 IST">
  <testcase classname="All_Flows.Update_Resume" name="updating_Noukary_Resume" time="33.699">
    <failure type="java.lang.RuntimeException" message="Test failed because the popup message did not contain &amp;apos;Successfully&amp;apos;.">
      <![CDATA[java.lang.RuntimeException: Test failed because the popup message did not contain 'Successfully'.
at All_Flows.Update_Resume.updating_Noukary_Resume(Update_Resume.java:82)
at java.base/java.util.ArrayList.forEach(ArrayList.java:1511)
... Removed 27 stack frames]]>
    </failure>
  </testcase> <!-- updating_Noukary_Resume -->
</testsuite> <!-- Updating_Resume -->
