




<!DOCTYPE html>
<html>

<head>
    <meta charset="utf-8">
    <meta name="viewport" content="width=device-width, initial-scale=1, shrink-to-fit=no">
    <title>Automation Test Results</title>
    <link rel="apple-touch-icon" href="https://cdn.rawgit.com/extent-framework/extent-github-cdn/d74480e/commons/img/logo.png">
    <link rel="shortcut icon" href="https://cdn.rawgit.com/extent-framework/extent-github-cdn/d74480e/commons/img/logo.png">
    <link href="https://cdn.rawgit.com/extent-framework/extent-github-cdn/24cb10e/spark/css/style.css" rel="stylesheet" />
    <link href="https://stackpath.bootstrapcdn.com/font-awesome/4.7.0/css/font-awesome.min.css" rel="stylesheet">
<style type="text/css">

</style></head><script src="https://cdn.rawgit.com/extent-framework/extent-github-cdn/7cc78ce/spark/js/jsontree.js"></script>
<body class="test-view -report standard">
    <div class="app header-dark side-nav-folded">
        <div class="layout">
<div class="header navbar">
    <div class="header-container">
        <div class="nav-logo">
          <a href="index.html">
            <div class="logo logo-dark" style="background-image: url('https://cdn.rawgit.com/extent-framework/extent-github-cdn/d74480e/commons/img/logo.png')"></div>
            <div class="logo logo-white" style="background-image: url('https://cdn.rawgit.com/extent-framework/extent-github-cdn/d74480e/commons/img/logo.png')"></div>
          </a>
        </div>
        <ul class="nav-left">
          <li>
            <a class="sidenav-fold-toggler" href="javascript:void(0);">
              <i class="fa fa-bars"></i>
            </a>
            <a class="sidenav-expand-toggler" href="javascript:void(0);">
              <i class="fa fa-bars"></i>
            </a>
          </li>
          <li class="search-box">
            <a class="search-toggle" href="javascript:void(0);">
              <i class="search-icon fa fa-search"></i>
              <i class="search-icon-close fa fa-close"></i>
            </a>
          </li>
          <li class="search-input">
            <input id="search-tests" class="form-control" type="text" placeholder="Type to search...">
          </li>
        </ul>
        <ul class="nav-right">
          <li class="m-r-10">
            <a href="#">
              <span class="badge badge-primary">TEEMS 3.0 Automation Results</span>
            </a>
          </li>
            <li class="m-r-10">
                <a href="#">
                    <span class="badge badge-primary">Apr 1, 2024 02:06:08 PM</span>
                </a>
            </li>
        </ul>
    </div>
</div><div class="side-nav side-nav-folded">
  <div class="side-nav-inner">
    <ul class="side-nav-menu scrollable">
      <li class="nav-item dropdown">
        <a id="nav-test" class="dropdown-toggle" href="index.html">
          <span class="icon-holder">
            <i class="fa fa-align-left"></i>
          </span>
          <span class="title">Tests</span>
        </a>
      </li>
            <li class="nav-item dropdown">
        <a id="nav-ex" class="dropdown-toggle" href="exception.html">
          <span class="icon-holder">
            <i class="fa fa-bug"></i>
          </span>
          <span class="title">Exception</span>
        </a>
      </li>
      <li class="nav-item dropdown">
        <a id="nav-dashboard" class="dropdown-toggle" href="dashboard.html">
          <span class="icon-holder">
            <i class="fa fa-bar-chart"></i>
          </span>
          <span class="title">Dashboard</span>
        </a>
      </li>
    </ul>
  </div>
</div>
            <div class="page-container">
                <div class="main-content">
                    <div class="test-wrapper row">
                        <div class="test-list">
                            <div class="test-list-tools">
                                <ul class="tools pull-left">
                                    <li>
                                        <a href="">
                                            <span class="font-size-14">Tests</span>
                                        </a>
                                    </li> 
                                </ul>
                                <ul class="tools text-right">
                                    <li class="user-profile dropdown dropdown-animated scale-left">
                                        <a href="#" class="dropdown-toggle" data-toggle="dropdown">
                                            <i class="fa fa-exclamation-circle"></i>
                                        </a>
                                        <ul id="status-toggle" class="dropdown-menu dropdown-md p-v-0">
                                            
	                                        <a class="dropdown-item" status="fail" href="#"><span>Fail</span><span class="status danger pull-right"></span></a>
	                                        
	                                        
	                                        
	                                        
	                                        <div class="dropdown-divider"></div>
                                            <a status="clear" class="dropdown-item" href="#"><span>Clear</span><span class="pull-right"><i class="fa fa-close"></i></span></a>
                                        </ul>
                                    </li>
                                </ul>
                            </div>
                            <div class="test-list-wrapper scrollable">
                                <ul class="test-list-item">
                                    <li class="test-item"  status="fail" test-id="1"
                                            author=""
                                            tag=""
                                            device="">
                                        <div class="status-avatar fail-bg">
                                            <i class="fa fa-times text-white"></i>
                                        </div>
                                        <div class="open-test">
                                            <div class="test-detail"> 
                                                <p class="name">Student_payment_complete_flow_Cash</p> 
                                                <p class="duration text-sm">0h 2m 12s+514ms</p> 
                                                <span class="datetime">14:06:33 PM</span>
                                            </div>
                                        </div>
                                        <div class="test-contents d-none">
                                            <div class="detail-head">
                                                <div class="p-v-10 d-inline-block"> 
                                                    <div class="info">
                                                        <h5 class="test-status text-fail">Student_payment_complete_flow_Cash</h5>
                                                        <span class='badge badge-success'>04.01.2024 14:06:33</span>
                                                        <span class='badge badge-danger'>04.01.2024 14:08:45</span>
                                                        <span class='badge badge-default'>0h 2m 12s+514ms</span>
                                                    </div>
                                                    <div class="m-t-10 m-l-5">
                                                        
                                                    </div>
                                                </div>
                                            </div>
<div class="detail-body mt-4">                                              
<table class="table table-sm">
	<thead><tr>
		<th class="status-col">Status</th>
		<th class="timestamp-col">Timestamp</th>
		<th class="details-col">Details</th>
	</tr></thead>
	<tbody>
			<tr class="event-row">
				<td><i class="fa fa-times text-fail"></i></td>
				<td>2:08:45 PM</td>
				<td>
						<span class='badge white-text red'><span style='color: black;'>Test is Fail</span><br><pre style='border: 1px solid red; padding: 10px; color: black; background-color: red; font-weight: bold;'></pre></span>
				</td>
			</tr>
			<tr class="event-row">
				<td><i class="fa fa-times text-fail"></i></td>
				<td>2:08:45 PM</td>
				<td>
						<textarea disabled class="code-block">org.openqa.selenium.NoAlertPresentException: no such alert
  (Session info: chrome=123.0.6312.86)
Build info: version: '3.141.59', revision: 'e82be7d358', time: '2018-11-14T08:17:03'
System info: host: 'LAPTOP-A2U9APN6', ip: '192.168.0.127', os.name: 'Windows 11', os.arch: 'amd64', os.version: '10.0', java.version: '11.0.20'
Driver info: org.openqa.selenium.chrome.ChromeDriver
Capabilities {acceptInsecureCerts: false, browserName: chrome, browserVersion: 123.0.6312.86, chrome: {chromedriverVersion: 123.0.6312.58 (6b4b19e9dfbb..., userDataDir: C:\WINDOWS\SystemTemp\scope...}, fedcm:accounts: true, goog:chromeOptions: {debuggerAddress: localhost:53412}, javascriptEnabled: true, networkConnectionEnabled: false, pageLoadStrategy: normal, platform: WINDOWS, platformName: WINDOWS, proxy: Proxy(), setWindowRect: true, strictFileInteractability: false, timeouts: {implicit: 0, pageLoad: 300000, script: 30000}, unhandledPromptBehavior: dismiss and notify, webauthn:extension:credBlob: true, webauthn:extension:largeBlob: true, webauthn:extension:minPinLength: true, webauthn:extension:prf: true, webauthn:virtualAuthenticators: true}
Session ID: 123ad34cc52d81914fae1168a94a04e7
	at java.base/jdk.internal.reflect.NativeConstructorAccessorImpl.newInstance0(Native Method)
	at java.base/jdk.internal.reflect.NativeConstructorAccessorImpl.newInstance(NativeConstructorAccessorImpl.java:62)
	at java.base/jdk.internal.reflect.DelegatingConstructorAccessorImpl.newInstance(DelegatingConstructorAccessorImpl.java:45)
	at java.base/java.lang.reflect.Constructor.newInstance(Constructor.java:490)
	at org.openqa.selenium.remote.http.W3CHttpResponseCodec.createException(W3CHttpResponseCodec.java:187)
	at org.openqa.selenium.remote.http.W3CHttpResponseCodec.decode(W3CHttpResponseCodec.java:122)
	at org.openqa.selenium.remote.http.W3CHttpResponseCodec.decode(W3CHttpResponseCodec.java:49)
	at org.openqa.selenium.remote.HttpCommandExecutor.execute(HttpCommandExecutor.java:158)
	at org.openqa.selenium.remote.service.DriverCommandExecutor.execute(DriverCommandExecutor.java:83)
	at org.openqa.selenium.remote.RemoteWebDriver.execute(RemoteWebDriver.java:552)
	at org.openqa.selenium.remote.RemoteWebDriver.execute(RemoteWebDriver.java:609)
	at org.openqa.selenium.remote.RemoteWebDriver$RemoteTargetLocator.alert(RemoteWebDriver.java:932)
	at All_Flows.Student_Fresh_subpayment_complete_flow_Cash.Student_payment_complete_flow_Cash(Student_Fresh_subpayment_complete_flow_Cash.java:328)
	at java.base/jdk.internal.reflect.NativeMethodAccessorImpl.invoke0(Native Method)
	at java.base/jdk.internal.reflect.NativeMethodAccessorImpl.invoke(NativeMethodAccessorImpl.java:62)
	at java.base/jdk.internal.reflect.DelegatingMethodAccessorImpl.invoke(DelegatingMethodAccessorImpl.java:43)
	at java.base/java.lang.reflect.Method.invoke(Method.java:566)
	at org.testng.internal.MethodInvocationHelper.invokeMethod(MethodInvocationHelper.java:133)
	at org.testng.internal.TestInvoker.invokeMethod(TestInvoker.java:598)
	at org.testng.internal.TestInvoker.invokeTestMethod(TestInvoker.java:173)
	at org.testng.internal.MethodRunner.runInSequence(MethodRunner.java:46)
	at org.testng.internal.TestInvoker$MethodInvocationAgent.invoke(TestInvoker.java:824)
	at org.testng.internal.TestInvoker.invokeTestMethods(TestInvoker.java:146)
	at org.testng.internal.TestMethodWorker.invokeTestMethods(TestMethodWorker.java:146)
	at org.testng.internal.TestMethodWorker.run(TestMethodWorker.java:128)
	at java.base/java.util.ArrayList.forEach(ArrayList.java:1541)
	at org.testng.TestRunner.privateRun(TestRunner.java:794)
	at org.testng.TestRunner.run(TestRunner.java:596)
	at org.testng.SuiteRunner.runTest(SuiteRunner.java:377)
	at org.testng.SuiteRunner.runSequentially(SuiteRunner.java:371)
	at org.testng.SuiteRunner.privateRun(SuiteRunner.java:332)
	at org.testng.SuiteRunner.run(SuiteRunner.java:276)
	at org.testng.SuiteRunnerWorker.runSuite(SuiteRunnerWorker.java:53)
	at org.testng.SuiteRunnerWorker.run(SuiteRunnerWorker.java:96)
	at org.testng.TestNG.runSuitesSequentially(TestNG.java:1212)
	at org.testng.TestNG.runSuitesLocally(TestNG.java:1134)
	at org.testng.TestNG.runSuites(TestNG.java:1063)
	at org.testng.TestNG.run(TestNG.java:1031)
	at org.apache.maven.surefire.testng.TestNGExecutor.run(TestNGExecutor.java:283)
	at org.apache.maven.surefire.testng.TestNGXmlTestSuite.execute(TestNGXmlTestSuite.java:75)
	at org.apache.maven.surefire.testng.TestNGProvider.invoke(TestNGProvider.java:120)
	at org.apache.maven.surefire.booter.ForkedBooter.invokeProviderInSameClassLoader(ForkedBooter.java:384)
	at org.apache.maven.surefire.booter.ForkedBooter.runSuitesInProcess(ForkedBooter.java:345)
	at org.apache.maven.surefire.booter.ForkedBooter.execute(ForkedBooter.java:126)
	at org.apache.maven.surefire.booter.ForkedBooter.main(ForkedBooter.java:418)
</textarea>
				</td>
			</tr>
	</tbody>
</table>
</div>
<div class="detail-foot">
	<ul class="attachments">
		<li>
			<a href="C:\selenium\TEEMS_3.0//Repots//index.html01_04_2024_14_04_45.png" data-featherlight="image">
				<div class="file-icon">
					<i class="fa fa-file-image-o"></i> 
				</div>
				<div class="file-info">
					<span class="file-name">index.html01_04_2024_14_04_45.png</span>
					<span class="file-size"> 69,831Kb</span>
				</div>
			</a>
		</li>
	</ul>
</div>
                                        </div>
                                    </li>
                                    <li class="test-item"  status="fail" test-id="2"
                                            author=""
                                            tag=""
                                            device="">
                                        <div class="status-avatar fail-bg">
                                            <i class="fa fa-times text-white"></i>
                                        </div>
                                        <div class="open-test">
                                            <div class="test-detail"> 
                                                <p class="name">Student_payment_complete_flow_credit_card</p> 
                                                <p class="duration text-sm">0h 4m 32s+605ms</p> 
                                                <span class="datetime">14:09:08 PM</span>
                                            </div>
                                        </div>
                                        <div class="test-contents d-none">
                                            <div class="detail-head">
                                                <div class="p-v-10 d-inline-block"> 
                                                    <div class="info">
                                                        <h5 class="test-status text-fail">Student_payment_complete_flow_credit_card</h5>
                                                        <span class='badge badge-success'>04.01.2024 14:09:08</span>
                                                        <span class='badge badge-danger'>04.01.2024 14:13:40</span>
                                                        <span class='badge badge-default'>0h 4m 32s+605ms</span>
                                                    </div>
                                                    <div class="m-t-10 m-l-5">
                                                        
                                                    </div>
                                                </div>
                                            </div>
<div class="detail-body mt-4">                                              
<table class="table table-sm">
	<thead><tr>
		<th class="status-col">Status</th>
		<th class="timestamp-col">Timestamp</th>
		<th class="details-col">Details</th>
	</tr></thead>
	<tbody>
			<tr class="event-row">
				<td><i class="fa fa-times text-fail"></i></td>
				<td>2:13:40 PM</td>
				<td>
						<span class='badge white-text red'><span style='color: black;'>Test is Fail</span><br><pre style='border: 1px solid red; padding: 10px; color: black; background-color: red; font-weight: bold;'>Student Enquiry ID :NARE247580
Payment Mode :Credit Card
Carlo with NAREB4A047 is successfully enrolled to MBA_Batch
Receipt No: NANA24D0048
Student ID: NAREB4A047
[error] Location: outside any screen (1344264320, 16) - subsequent actions might not work as expected
</pre></span>
				</td>
			</tr>
			<tr class="event-row">
				<td><i class="fa fa-times text-fail"></i></td>
				<td>2:13:40 PM</td>
				<td>
						<textarea disabled class="code-block">FindFailed: C:\selenium\TEEMS_3.0\images\validationNo.png: (163x37) in R[0,0 1024x768]@S(0)
  Line 2222, in file Region.java

	at org.sikuli.script.Region.wait(Region.java:2222)
	at org.sikuli.script.Region.wait(Region.java:2240)
	at org.sikuli.script.Region.getLocationFromTarget(Region.java:3188)
	at org.sikuli.script.Region.doubleClick(Region.java:3854)
	at org.sikuli.script.Region.doubleClick(Region.java:3839)
	at All_Flows.Student_Fresh_subpayment_complete_flow_credit_card.Student_payment_complete_flow_credit_card(Student_Fresh_subpayment_complete_flow_credit_card.java:697)
	at java.base/jdk.internal.reflect.NativeMethodAccessorImpl.invoke0(Native Method)
	at java.base/jdk.internal.reflect.NativeMethodAccessorImpl.invoke(NativeMethodAccessorImpl.java:62)
	at java.base/jdk.internal.reflect.DelegatingMethodAccessorImpl.invoke(DelegatingMethodAccessorImpl.java:43)
	at java.base/java.lang.reflect.Method.invoke(Method.java:566)
	at org.testng.internal.MethodInvocationHelper.invokeMethod(MethodInvocationHelper.java:133)
	at org.testng.internal.TestInvoker.invokeMethod(TestInvoker.java:598)
	at org.testng.internal.TestInvoker.invokeTestMethod(TestInvoker.java:173)
	at org.testng.internal.MethodRunner.runInSequence(MethodRunner.java:46)
	at org.testng.internal.TestInvoker$MethodInvocationAgent.invoke(TestInvoker.java:824)
	at org.testng.internal.TestInvoker.invokeTestMethods(TestInvoker.java:146)
	at org.testng.internal.TestMethodWorker.invokeTestMethods(TestMethodWorker.java:146)
	at org.testng.internal.TestMethodWorker.run(TestMethodWorker.java:128)
	at java.base/java.util.ArrayList.forEach(ArrayList.java:1541)
	at org.testng.TestRunner.privateRun(TestRunner.java:794)
	at org.testng.TestRunner.run(TestRunner.java:596)
	at org.testng.SuiteRunner.runTest(SuiteRunner.java:377)
	at org.testng.SuiteRunner.runSequentially(SuiteRunner.java:371)
	at org.testng.SuiteRunner.privateRun(SuiteRunner.java:332)
	at org.testng.SuiteRunner.run(SuiteRunner.java:276)
	at org.testng.SuiteRunnerWorker.runSuite(SuiteRunnerWorker.java:53)
	at org.testng.SuiteRunnerWorker.run(SuiteRunnerWorker.java:96)
	at org.testng.TestNG.runSuitesSequentially(TestNG.java:1212)
	at org.testng.TestNG.runSuitesLocally(TestNG.java:1134)
	at org.testng.TestNG.runSuites(TestNG.java:1063)
	at org.testng.TestNG.run(TestNG.java:1031)
	at org.apache.maven.surefire.testng.TestNGExecutor.run(TestNGExecutor.java:283)
	at org.apache.maven.surefire.testng.TestNGXmlTestSuite.execute(TestNGXmlTestSuite.java:75)
	at org.apache.maven.surefire.testng.TestNGProvider.invoke(TestNGProvider.java:120)
	at org.apache.maven.surefire.booter.ForkedBooter.invokeProviderInSameClassLoader(ForkedBooter.java:384)
	at org.apache.maven.surefire.booter.ForkedBooter.runSuitesInProcess(ForkedBooter.java:345)
	at org.apache.maven.surefire.booter.ForkedBooter.execute(ForkedBooter.java:126)
	at org.apache.maven.surefire.booter.ForkedBooter.main(ForkedBooter.java:418)
</textarea>
				</td>
			</tr>
	</tbody>
</table>
</div>
<div class="detail-foot">
	<ul class="attachments">
		<li>
			<a href="C:\selenium\TEEMS_3.0//Repots//index.html01_04_2024_14_04_41.png" data-featherlight="image">
				<div class="file-icon">
					<i class="fa fa-file-image-o"></i> 
				</div>
				<div class="file-info">
					<span class="file-name">index.html01_04_2024_14_04_41.png</span>
					<span class="file-size"> 37,620Kb</span>
				</div>
			</a>
		</li>
	</ul>
</div>
                                        </div>
                                    </li>
                                    <li class="test-item"  status="fail" test-id="3"
                                            author=""
                                            tag=""
                                            device="">
                                        <div class="status-avatar fail-bg">
                                            <i class="fa fa-times text-white"></i>
                                        </div>
                                        <div class="open-test">
                                            <div class="test-detail"> 
                                                <p class="name">Student_payment_complete_flow_DD_Cheque</p> 
                                                <p class="duration text-sm">0h 4m 53s+183ms</p> 
                                                <span class="datetime">14:14:04 PM</span>
                                            </div>
                                        </div>
                                        <div class="test-contents d-none">
                                            <div class="detail-head">
                                                <div class="p-v-10 d-inline-block"> 
                                                    <div class="info">
                                                        <h5 class="test-status text-fail">Student_payment_complete_flow_DD_Cheque</h5>
                                                        <span class='badge badge-success'>04.01.2024 14:14:04</span>
                                                        <span class='badge badge-danger'>04.01.2024 14:18:57</span>
                                                        <span class='badge badge-default'>0h 4m 53s+183ms</span>
                                                    </div>
                                                    <div class="m-t-10 m-l-5">
                                                        
                                                    </div>
                                                </div>
                                            </div>
<div class="detail-body mt-4">                                              
<table class="table table-sm">
	<thead><tr>
		<th class="status-col">Status</th>
		<th class="timestamp-col">Timestamp</th>
		<th class="details-col">Details</th>
	</tr></thead>
	<tbody>
			<tr class="event-row">
				<td><i class="fa fa-times text-fail"></i></td>
				<td>2:18:57 PM</td>
				<td>
						<span class='badge white-text red'><span style='color: black;'>Test is Fail</span><br><pre style='border: 1px solid red; padding: 10px; color: black; background-color: red; font-weight: bold;'>Student Enquiry ID :NARE247581
Payment Mode :DD/Cheque
Matilde with NAREB4A048 is successfully enrolled to MBA_Batch
Receipt No: NANA24D0049
Student ID: NAREB4A048
</pre></span>
				</td>
			</tr>
			<tr class="event-row">
				<td><i class="fa fa-times text-fail"></i></td>
				<td>2:18:57 PM</td>
				<td>
						<textarea disabled class="code-block">FindFailed: C:\selenium\TEEMS_3.0\images\validationNo.png: (163x37) in R[0,0 1024x768]@S(0)
  Line 2222, in file Region.java

	at org.sikuli.script.Region.wait(Region.java:2222)
	at org.sikuli.script.Region.wait(Region.java:2240)
	at org.sikuli.script.Region.getLocationFromTarget(Region.java:3188)
	at org.sikuli.script.Region.doubleClick(Region.java:3854)
	at org.sikuli.script.Region.doubleClick(Region.java:3839)
	at All_Flows.Student_Fresh_subpayment_complete_flow_dd_cheque.Student_payment_complete_flow_DD_Cheque(Student_Fresh_subpayment_complete_flow_dd_cheque.java:695)
	at java.base/jdk.internal.reflect.NativeMethodAccessorImpl.invoke0(Native Method)
	at java.base/jdk.internal.reflect.NativeMethodAccessorImpl.invoke(NativeMethodAccessorImpl.java:62)
	at java.base/jdk.internal.reflect.DelegatingMethodAccessorImpl.invoke(DelegatingMethodAccessorImpl.java:43)
	at java.base/java.lang.reflect.Method.invoke(Method.java:566)
	at org.testng.internal.MethodInvocationHelper.invokeMethod(MethodInvocationHelper.java:133)
	at org.testng.internal.TestInvoker.invokeMethod(TestInvoker.java:598)
	at org.testng.internal.TestInvoker.invokeTestMethod(TestInvoker.java:173)
	at org.testng.internal.MethodRunner.runInSequence(MethodRunner.java:46)
	at org.testng.internal.TestInvoker$MethodInvocationAgent.invoke(TestInvoker.java:824)
	at org.testng.internal.TestInvoker.invokeTestMethods(TestInvoker.java:146)
	at org.testng.internal.TestMethodWorker.invokeTestMethods(TestMethodWorker.java:146)
	at org.testng.internal.TestMethodWorker.run(TestMethodWorker.java:128)
	at java.base/java.util.ArrayList.forEach(ArrayList.java:1541)
	at org.testng.TestRunner.privateRun(TestRunner.java:794)
	at org.testng.TestRunner.run(TestRunner.java:596)
	at org.testng.SuiteRunner.runTest(SuiteRunner.java:377)
	at org.testng.SuiteRunner.runSequentially(SuiteRunner.java:371)
	at org.testng.SuiteRunner.privateRun(SuiteRunner.java:332)
	at org.testng.SuiteRunner.run(SuiteRunner.java:276)
	at org.testng.SuiteRunnerWorker.runSuite(SuiteRunnerWorker.java:53)
	at org.testng.SuiteRunnerWorker.run(SuiteRunnerWorker.java:96)
	at org.testng.TestNG.runSuitesSequentially(TestNG.java:1212)
	at org.testng.TestNG.runSuitesLocally(TestNG.java:1134)
	at org.testng.TestNG.runSuites(TestNG.java:1063)
	at org.testng.TestNG.run(TestNG.java:1031)
	at org.apache.maven.surefire.testng.TestNGExecutor.run(TestNGExecutor.java:283)
	at org.apache.maven.surefire.testng.TestNGXmlTestSuite.execute(TestNGXmlTestSuite.java:75)
	at org.apache.maven.surefire.testng.TestNGProvider.invoke(TestNGProvider.java:120)
	at org.apache.maven.surefire.booter.ForkedBooter.invokeProviderInSameClassLoader(ForkedBooter.java:384)
	at org.apache.maven.surefire.booter.ForkedBooter.runSuitesInProcess(ForkedBooter.java:345)
	at org.apache.maven.surefire.booter.ForkedBooter.execute(ForkedBooter.java:126)
	at org.apache.maven.surefire.booter.ForkedBooter.main(ForkedBooter.java:418)
</textarea>
				</td>
			</tr>
	</tbody>
</table>
</div>
<div class="detail-foot">
	<ul class="attachments">
		<li>
			<a href="C:\selenium\TEEMS_3.0//Repots//index.html01_04_2024_14_04_57.png" data-featherlight="image">
				<div class="file-icon">
					<i class="fa fa-file-image-o"></i> 
				</div>
				<div class="file-info">
					<span class="file-name">index.html01_04_2024_14_04_57.png</span>
					<span class="file-size"> 37,620Kb</span>
				</div>
			</a>
		</li>
	</ul>
</div>
                                        </div>
                                    </li>
                                    <li class="test-item"  status="fail" test-id="4"
                                            author=""
                                            tag=""
                                            device="">
                                        <div class="status-avatar fail-bg">
                                            <i class="fa fa-times text-white"></i>
                                        </div>
                                        <div class="open-test">
                                            <div class="test-detail"> 
                                                <p class="name">Student_payment_complete_flow_DRCT_TNFR_BNK</p> 
                                                <p class="duration text-sm">0h 3m 3s+250ms</p> 
                                                <span class="datetime">14:19:21 PM</span>
                                            </div>
                                        </div>
                                        <div class="test-contents d-none">
                                            <div class="detail-head">
                                                <div class="p-v-10 d-inline-block"> 
                                                    <div class="info">
                                                        <h5 class="test-status text-fail">Student_payment_complete_flow_DRCT_TNFR_BNK</h5>
                                                        <span class='badge badge-success'>04.01.2024 14:19:21</span>
                                                        <span class='badge badge-danger'>04.01.2024 14:22:24</span>
                                                        <span class='badge badge-default'>0h 3m 3s+250ms</span>
                                                    </div>
                                                    <div class="m-t-10 m-l-5">
                                                        
                                                    </div>
                                                </div>
                                            </div>
<div class="detail-body mt-4">                                              
<table class="table table-sm">
	<thead><tr>
		<th class="status-col">Status</th>
		<th class="timestamp-col">Timestamp</th>
		<th class="details-col">Details</th>
	</tr></thead>
	<tbody>
			<tr class="event-row">
				<td><i class="fa fa-times text-fail"></i></td>
				<td>2:22:24 PM</td>
				<td>
						<span class='badge white-text red'><span style='color: black;'>Test is Fail</span><br><pre style='border: 1px solid red; padding: 10px; color: black; background-color: red; font-weight: bold;'>Student Enquiry ID :NARE247582
</pre></span>
				</td>
			</tr>
			<tr class="event-row">
				<td><i class="fa fa-times text-fail"></i></td>
				<td>2:22:24 PM</td>
				<td>
						<textarea disabled class="code-block">org.openqa.selenium.NoSuchElementException: no such element: Unable to locate element: {"method":"xpath","selector":"/html/body/app-root/app-main-layout/app-individualf/section/div/div[2]/div/div/div/mat-tab-group/div/mat-tab-body[1]/div/div/div/mat-vertical-stepper/div[2]/div/div/div/form/div[1]/div[7]/div/div[1]/div/div/table/tbody/tr[1]/td[2]"}
  (Session info: chrome=123.0.6312.86)
For documentation on this error, please visit: https://www.seleniumhq.org/exceptions/no_such_element.html
Build info: version: '3.141.59', revision: 'e82be7d358', time: '2018-11-14T08:17:03'
System info: host: 'LAPTOP-A2U9APN6', ip: '192.168.0.127', os.name: 'Windows 11', os.arch: 'amd64', os.version: '10.0', java.version: '11.0.20'
Driver info: org.openqa.selenium.chrome.ChromeDriver
Capabilities {acceptInsecureCerts: false, browserName: chrome, browserVersion: 123.0.6312.86, chrome: {chromedriverVersion: 123.0.6312.58 (6b4b19e9dfbb..., userDataDir: C:\WINDOWS\SystemTemp\scope...}, fedcm:accounts: true, goog:chromeOptions: {debuggerAddress: localhost:54216}, javascriptEnabled: true, networkConnectionEnabled: false, pageLoadStrategy: normal, platform: WINDOWS, platformName: WINDOWS, proxy: Proxy(), setWindowRect: true, strictFileInteractability: false, timeouts: {implicit: 0, pageLoad: 300000, script: 30000}, unhandledPromptBehavior: dismiss and notify, webauthn:extension:credBlob: true, webauthn:extension:largeBlob: true, webauthn:extension:minPinLength: true, webauthn:extension:prf: true, webauthn:virtualAuthenticators: true}
Session ID: a470742acfd21a7f55d5c870f87c8886
*** Element info: {Using=xpath, value=/html/body/app-root/app-main-layout/app-individualf/section/div/div[2]/div/div/div/mat-tab-group/div/mat-tab-body[1]/div/div/div/mat-vertical-stepper/div[2]/div/div/div/form/div[1]/div[7]/div/div[1]/div/div/table/tbody/tr[1]/td[2]}
	at java.base/jdk.internal.reflect.NativeConstructorAccessorImpl.newInstance0(Native Method)
	at java.base/jdk.internal.reflect.NativeConstructorAccessorImpl.newInstance(NativeConstructorAccessorImpl.java:62)
	at java.base/jdk.internal.reflect.DelegatingConstructorAccessorImpl.newInstance(DelegatingConstructorAccessorImpl.java:45)
	at java.base/java.lang.reflect.Constructor.newInstance(Constructor.java:490)
	at org.openqa.selenium.remote.http.W3CHttpResponseCodec.createException(W3CHttpResponseCodec.java:187)
	at org.openqa.selenium.remote.http.W3CHttpResponseCodec.decode(W3CHttpResponseCodec.java:122)
	at org.openqa.selenium.remote.http.W3CHttpResponseCodec.decode(W3CHttpResponseCodec.java:49)
	at org.openqa.selenium.remote.HttpCommandExecutor.execute(HttpCommandExecutor.java:158)
	at org.openqa.selenium.remote.service.DriverCommandExecutor.execute(DriverCommandExecutor.java:83)
	at org.openqa.selenium.remote.RemoteWebDriver.execute(RemoteWebDriver.java:552)
	at org.openqa.selenium.remote.RemoteWebDriver.findElement(RemoteWebDriver.java:323)
	at org.openqa.selenium.remote.RemoteWebDriver.findElementByXPath(RemoteWebDriver.java:428)
	at org.openqa.selenium.By$ByXPath.findElement(By.java:353)
	at org.openqa.selenium.remote.RemoteWebDriver.findElement(RemoteWebDriver.java:315)
	at All_Flows.Student_Fresh_subpayment_complete_flow_DRCT_TNFR_BNK.Student_payment_complete_flow_DRCT_TNFR_BNK(Student_Fresh_subpayment_complete_flow_DRCT_TNFR_BNK.java:393)
	at java.base/jdk.internal.reflect.NativeMethodAccessorImpl.invoke0(Native Method)
	at java.base/jdk.internal.reflect.NativeMethodAccessorImpl.invoke(NativeMethodAccessorImpl.java:62)
	at java.base/jdk.internal.reflect.DelegatingMethodAccessorImpl.invoke(DelegatingMethodAccessorImpl.java:43)
	at java.base/java.lang.reflect.Method.invoke(Method.java:566)
	at org.testng.internal.MethodInvocationHelper.invokeMethod(MethodInvocationHelper.java:133)
	at org.testng.internal.TestInvoker.invokeMethod(TestInvoker.java:598)
	at org.testng.internal.TestInvoker.invokeTestMethod(TestInvoker.java:173)
	at org.testng.internal.MethodRunner.runInSequence(MethodRunner.java:46)
	at org.testng.internal.TestInvoker$MethodInvocationAgent.invoke(TestInvoker.java:824)
	at org.testng.internal.TestInvoker.invokeTestMethods(TestInvoker.java:146)
	at org.testng.internal.TestMethodWorker.invokeTestMethods(TestMethodWorker.java:146)
	at org.testng.internal.TestMethodWorker.run(TestMethodWorker.java:128)
	at java.base/java.util.ArrayList.forEach(ArrayList.java:1541)
	at org.testng.TestRunner.privateRun(TestRunner.java:794)
	at org.testng.TestRunner.run(TestRunner.java:596)
	at org.testng.SuiteRunner.runTest(SuiteRunner.java:377)
	at org.testng.SuiteRunner.runSequentially(SuiteRunner.java:371)
	at org.testng.SuiteRunner.privateRun(SuiteRunner.java:332)
	at org.testng.SuiteRunner.run(SuiteRunner.java:276)
	at org.testng.SuiteRunnerWorker.runSuite(SuiteRunnerWorker.java:53)
	at org.testng.SuiteRunnerWorker.run(SuiteRunnerWorker.java:96)
	at org.testng.TestNG.runSuitesSequentially(TestNG.java:1212)
	at org.testng.TestNG.runSuitesLocally(TestNG.java:1134)
	at org.testng.TestNG.runSuites(TestNG.java:1063)
	at org.testng.TestNG.run(TestNG.java:1031)
	at org.apache.maven.surefire.testng.TestNGExecutor.run(TestNGExecutor.java:283)
	at org.apache.maven.surefire.testng.TestNGXmlTestSuite.execute(TestNGXmlTestSuite.java:75)
	at org.apache.maven.surefire.testng.TestNGProvider.invoke(TestNGProvider.java:120)
	at org.apache.maven.surefire.booter.ForkedBooter.invokeProviderInSameClassLoader(ForkedBooter.java:384)
	at org.apache.maven.surefire.booter.ForkedBooter.runSuitesInProcess(ForkedBooter.java:345)
	at org.apache.maven.surefire.booter.ForkedBooter.execute(ForkedBooter.java:126)
	at org.apache.maven.surefire.booter.ForkedBooter.main(ForkedBooter.java:418)
</textarea>
				</td>
			</tr>
	</tbody>
</table>
</div>
<div class="detail-foot">
	<ul class="attachments">
		<li>
			<a href="C:\selenium\TEEMS_3.0//Repots//index.html01_04_2024_14_04_24.png" data-featherlight="image">
				<div class="file-icon">
					<i class="fa fa-file-image-o"></i> 
				</div>
				<div class="file-info">
					<span class="file-name">index.html01_04_2024_14_04_24.png</span>
					<span class="file-size"> 40,005Kb</span>
				</div>
			</a>
		</li>
	</ul>
</div>
                                        </div>
                                    </li>
                                    <li class="test-item"  status="fail" test-id="5"
                                            author=""
                                            tag=""
                                            device="">
                                        <div class="status-avatar fail-bg">
                                            <i class="fa fa-times text-white"></i>
                                        </div>
                                        <div class="open-test">
                                            <div class="test-detail"> 
                                                <p class="name">Student_payment_complete_flow_NEFT</p> 
                                                <p class="duration text-sm">0h 4m 40s+259ms</p> 
                                                <span class="datetime">14:22:47 PM</span>
                                            </div>
                                        </div>
                                        <div class="test-contents d-none">
                                            <div class="detail-head">
                                                <div class="p-v-10 d-inline-block"> 
                                                    <div class="info">
                                                        <h5 class="test-status text-fail">Student_payment_complete_flow_NEFT</h5>
                                                        <span class='badge badge-success'>04.01.2024 14:22:47</span>
                                                        <span class='badge badge-danger'>04.01.2024 14:27:27</span>
                                                        <span class='badge badge-default'>0h 4m 40s+259ms</span>
                                                    </div>
                                                    <div class="m-t-10 m-l-5">
                                                        
                                                    </div>
                                                </div>
                                            </div>
<div class="detail-body mt-4">                                              
<table class="table table-sm">
	<thead><tr>
		<th class="status-col">Status</th>
		<th class="timestamp-col">Timestamp</th>
		<th class="details-col">Details</th>
	</tr></thead>
	<tbody>
			<tr class="event-row">
				<td><i class="fa fa-times text-fail"></i></td>
				<td>2:27:27 PM</td>
				<td>
						<span class='badge white-text red'><span style='color: black;'>Test is Fail</span><br><pre style='border: 1px solid red; padding: 10px; color: black; background-color: red; font-weight: bold;'>Student Enquiry ID :NARE247583
Payment Mode :NEFT
Brooks with NAREB4A049 is successfully enrolled to MBA_Batch
Receipt No: NANA24D0050
Student ID: NAREB4A049
</pre></span>
				</td>
			</tr>
			<tr class="event-row">
				<td><i class="fa fa-times text-fail"></i></td>
				<td>2:27:27 PM</td>
				<td>
						<textarea disabled class="code-block">FindFailed: C:\selenium\TEEMS_3.0\images\validationNo.png: (163x37) in R[0,0 1024x768]@S(0)
  Line 2222, in file Region.java

	at org.sikuli.script.Region.wait(Region.java:2222)
	at org.sikuli.script.Region.wait(Region.java:2240)
	at org.sikuli.script.Region.getLocationFromTarget(Region.java:3188)
	at org.sikuli.script.Region.doubleClick(Region.java:3854)
	at org.sikuli.script.Region.doubleClick(Region.java:3839)
	at All_Flows.Student_Fresh_subpayment_complete_flow_NEFT.Student_payment_complete_flow_NEFT(Student_Fresh_subpayment_complete_flow_NEFT.java:696)
	at java.base/jdk.internal.reflect.NativeMethodAccessorImpl.invoke0(Native Method)
	at java.base/jdk.internal.reflect.NativeMethodAccessorImpl.invoke(NativeMethodAccessorImpl.java:62)
	at java.base/jdk.internal.reflect.DelegatingMethodAccessorImpl.invoke(DelegatingMethodAccessorImpl.java:43)
	at java.base/java.lang.reflect.Method.invoke(Method.java:566)
	at org.testng.internal.MethodInvocationHelper.invokeMethod(MethodInvocationHelper.java:133)
	at org.testng.internal.TestInvoker.invokeMethod(TestInvoker.java:598)
	at org.testng.internal.TestInvoker.invokeTestMethod(TestInvoker.java:173)
	at org.testng.internal.MethodRunner.runInSequence(MethodRunner.java:46)
	at org.testng.internal.TestInvoker$MethodInvocationAgent.invoke(TestInvoker.java:824)
	at org.testng.internal.TestInvoker.invokeTestMethods(TestInvoker.java:146)
	at org.testng.internal.TestMethodWorker.invokeTestMethods(TestMethodWorker.java:146)
	at org.testng.internal.TestMethodWorker.run(TestMethodWorker.java:128)
	at java.base/java.util.ArrayList.forEach(ArrayList.java:1541)
	at org.testng.TestRunner.privateRun(TestRunner.java:794)
	at org.testng.TestRunner.run(TestRunner.java:596)
	at org.testng.SuiteRunner.runTest(SuiteRunner.java:377)
	at org.testng.SuiteRunner.runSequentially(SuiteRunner.java:371)
	at org.testng.SuiteRunner.privateRun(SuiteRunner.java:332)
	at org.testng.SuiteRunner.run(SuiteRunner.java:276)
	at org.testng.SuiteRunnerWorker.runSuite(SuiteRunnerWorker.java:53)
	at org.testng.SuiteRunnerWorker.run(SuiteRunnerWorker.java:96)
	at org.testng.TestNG.runSuitesSequentially(TestNG.java:1212)
	at org.testng.TestNG.runSuitesLocally(TestNG.java:1134)
	at org.testng.TestNG.runSuites(TestNG.java:1063)
	at org.testng.TestNG.run(TestNG.java:1031)
	at org.apache.maven.surefire.testng.TestNGExecutor.run(TestNGExecutor.java:283)
	at org.apache.maven.surefire.testng.TestNGXmlTestSuite.execute(TestNGXmlTestSuite.java:75)
	at org.apache.maven.surefire.testng.TestNGProvider.invoke(TestNGProvider.java:120)
	at org.apache.maven.surefire.booter.ForkedBooter.invokeProviderInSameClassLoader(ForkedBooter.java:384)
	at org.apache.maven.surefire.booter.ForkedBooter.runSuitesInProcess(ForkedBooter.java:345)
	at org.apache.maven.surefire.booter.ForkedBooter.execute(ForkedBooter.java:126)
	at org.apache.maven.surefire.booter.ForkedBooter.main(ForkedBooter.java:418)
</textarea>
				</td>
			</tr>
	</tbody>
</table>
</div>
<div class="detail-foot">
	<ul class="attachments">
		<li>
			<a href="C:\selenium\TEEMS_3.0//Repots//index.html01_04_2024_14_04_27.png" data-featherlight="image">
				<div class="file-icon">
					<i class="fa fa-file-image-o"></i> 
				</div>
				<div class="file-info">
					<span class="file-name">index.html01_04_2024_14_04_27.png</span>
					<span class="file-size"> 37,620Kb</span>
				</div>
			</a>
		</li>
	</ul>
</div>
                                        </div>
                                    </li>
                                    <li class="test-item"  status="fail" test-id="6"
                                            author=""
                                            tag=""
                                            device="">
                                        <div class="status-avatar fail-bg">
                                            <i class="fa fa-times text-white"></i>
                                        </div>
                                        <div class="open-test">
                                            <div class="test-detail"> 
                                                <p class="name">Student_payment_complete_flow_Others</p> 
                                                <p class="duration text-sm">0h 4m 30s+355ms</p> 
                                                <span class="datetime">14:27:51 PM</span>
                                            </div>
                                        </div>
                                        <div class="test-contents d-none">
                                            <div class="detail-head">
                                                <div class="p-v-10 d-inline-block"> 
                                                    <div class="info">
                                                        <h5 class="test-status text-fail">Student_payment_complete_flow_Others</h5>
                                                        <span class='badge badge-success'>04.01.2024 14:27:51</span>
                                                        <span class='badge badge-danger'>04.01.2024 14:32:21</span>
                                                        <span class='badge badge-default'>0h 4m 30s+355ms</span>
                                                    </div>
                                                    <div class="m-t-10 m-l-5">
                                                        
                                                    </div>
                                                </div>
                                            </div>
<div class="detail-body mt-4">                                              
<table class="table table-sm">
	<thead><tr>
		<th class="status-col">Status</th>
		<th class="timestamp-col">Timestamp</th>
		<th class="details-col">Details</th>
	</tr></thead>
	<tbody>
			<tr class="event-row">
				<td><i class="fa fa-times text-fail"></i></td>
				<td>2:32:21 PM</td>
				<td>
						<span class='badge white-text red'><span style='color: black;'>Test is Fail</span><br><pre style='border: 1px solid red; padding: 10px; color: black; background-color: red; font-weight: bold;'>Student Enquiry ID :NARE247585
Payment Mode :Others
Shaun with NAREB4A050 is successfully enrolled to MBA_Batch
Receipt No: NANA24D0051
Student ID: NAREB4A050
</pre></span>
				</td>
			</tr>
			<tr class="event-row">
				<td><i class="fa fa-times text-fail"></i></td>
				<td>2:32:21 PM</td>
				<td>
						<textarea disabled class="code-block">FindFailed: C:\selenium\TEEMS_3.0\images\validationNo.png: (163x37) in R[0,0 1024x768]@S(0)
  Line 2222, in file Region.java

	at org.sikuli.script.Region.wait(Region.java:2222)
	at org.sikuli.script.Region.wait(Region.java:2240)
	at org.sikuli.script.Region.getLocationFromTarget(Region.java:3188)
	at org.sikuli.script.Region.doubleClick(Region.java:3854)
	at org.sikuli.script.Region.doubleClick(Region.java:3839)
	at All_Flows.Student_Fresh_subpayment_complete_flow_Others.Student_payment_complete_flow_Others(Student_Fresh_subpayment_complete_flow_Others.java:696)
	at java.base/jdk.internal.reflect.NativeMethodAccessorImpl.invoke0(Native Method)
	at java.base/jdk.internal.reflect.NativeMethodAccessorImpl.invoke(NativeMethodAccessorImpl.java:62)
	at java.base/jdk.internal.reflect.DelegatingMethodAccessorImpl.invoke(DelegatingMethodAccessorImpl.java:43)
	at java.base/java.lang.reflect.Method.invoke(Method.java:566)
	at org.testng.internal.MethodInvocationHelper.invokeMethod(MethodInvocationHelper.java:133)
	at org.testng.internal.TestInvoker.invokeMethod(TestInvoker.java:598)
	at org.testng.internal.TestInvoker.invokeTestMethod(TestInvoker.java:173)
	at org.testng.internal.MethodRunner.runInSequence(MethodRunner.java:46)
	at org.testng.internal.TestInvoker$MethodInvocationAgent.invoke(TestInvoker.java:824)
	at org.testng.internal.TestInvoker.invokeTestMethods(TestInvoker.java:146)
	at org.testng.internal.TestMethodWorker.invokeTestMethods(TestMethodWorker.java:146)
	at org.testng.internal.TestMethodWorker.run(TestMethodWorker.java:128)
	at java.base/java.util.ArrayList.forEach(ArrayList.java:1541)
	at org.testng.TestRunner.privateRun(TestRunner.java:794)
	at org.testng.TestRunner.run(TestRunner.java:596)
	at org.testng.SuiteRunner.runTest(SuiteRunner.java:377)
	at org.testng.SuiteRunner.runSequentially(SuiteRunner.java:371)
	at org.testng.SuiteRunner.privateRun(SuiteRunner.java:332)
	at org.testng.SuiteRunner.run(SuiteRunner.java:276)
	at org.testng.SuiteRunnerWorker.runSuite(SuiteRunnerWorker.java:53)
	at org.testng.SuiteRunnerWorker.run(SuiteRunnerWorker.java:96)
	at org.testng.TestNG.runSuitesSequentially(TestNG.java:1212)
	at org.testng.TestNG.runSuitesLocally(TestNG.java:1134)
	at org.testng.TestNG.runSuites(TestNG.java:1063)
	at org.testng.TestNG.run(TestNG.java:1031)
	at org.apache.maven.surefire.testng.TestNGExecutor.run(TestNGExecutor.java:283)
	at org.apache.maven.surefire.testng.TestNGXmlTestSuite.execute(TestNGXmlTestSuite.java:75)
	at org.apache.maven.surefire.testng.TestNGProvider.invoke(TestNGProvider.java:120)
	at org.apache.maven.surefire.booter.ForkedBooter.invokeProviderInSameClassLoader(ForkedBooter.java:384)
	at org.apache.maven.surefire.booter.ForkedBooter.runSuitesInProcess(ForkedBooter.java:345)
	at org.apache.maven.surefire.booter.ForkedBooter.execute(ForkedBooter.java:126)
	at org.apache.maven.surefire.booter.ForkedBooter.main(ForkedBooter.java:418)
</textarea>
				</td>
			</tr>
	</tbody>
</table>
</div>
<div class="detail-foot">
	<ul class="attachments">
		<li>
			<a href="C:\selenium\TEEMS_3.0//Repots//index.html01_04_2024_14_04_21.png" data-featherlight="image">
				<div class="file-icon">
					<i class="fa fa-file-image-o"></i> 
				</div>
				<div class="file-info">
					<span class="file-name">index.html01_04_2024_14_04_21.png</span>
					<span class="file-size"> 37,620Kb</span>
				</div>
			</a>
		</li>
	</ul>
</div>
                                        </div>
                                    </li>
                                    <li class="test-item"  status="fail" test-id="7"
                                            author=""
                                            tag=""
                                            device="">
                                        <div class="status-avatar fail-bg">
                                            <i class="fa fa-times text-white"></i>
                                        </div>
                                        <div class="open-test">
                                            <div class="test-detail"> 
                                                <p class="name">Student_payment_complete_flow_RTGS</p> 
                                                <p class="duration text-sm">0h 4m 33s+535ms</p> 
                                                <span class="datetime">14:32:45 PM</span>
                                            </div>
                                        </div>
                                        <div class="test-contents d-none">
                                            <div class="detail-head">
                                                <div class="p-v-10 d-inline-block"> 
                                                    <div class="info">
                                                        <h5 class="test-status text-fail">Student_payment_complete_flow_RTGS</h5>
                                                        <span class='badge badge-success'>04.01.2024 14:32:45</span>
                                                        <span class='badge badge-danger'>04.01.2024 14:37:18</span>
                                                        <span class='badge badge-default'>0h 4m 33s+535ms</span>
                                                    </div>
                                                    <div class="m-t-10 m-l-5">
                                                        
                                                    </div>
                                                </div>
                                            </div>
<div class="detail-body mt-4">                                              
<table class="table table-sm">
	<thead><tr>
		<th class="status-col">Status</th>
		<th class="timestamp-col">Timestamp</th>
		<th class="details-col">Details</th>
	</tr></thead>
	<tbody>
			<tr class="event-row">
				<td><i class="fa fa-times text-fail"></i></td>
				<td>2:37:18 PM</td>
				<td>
						<span class='badge white-text red'><span style='color: black;'>Test is Fail</span><br><pre style='border: 1px solid red; padding: 10px; color: black; background-color: red; font-weight: bold;'>Student Enquiry ID :NARE247587
Payment Mode :RTGS
Steven with NAREB4A051 is successfully enrolled to MBA_Batch
Receipt No: NANA24D0052
Student ID: NAREB4A051
</pre></span>
				</td>
			</tr>
			<tr class="event-row">
				<td><i class="fa fa-times text-fail"></i></td>
				<td>2:37:18 PM</td>
				<td>
						<textarea disabled class="code-block">FindFailed: C:\selenium\TEEMS_3.0\images\validationNo.png: (163x37) in R[0,0 1024x768]@S(0)
  Line 2222, in file Region.java

	at org.sikuli.script.Region.wait(Region.java:2222)
	at org.sikuli.script.Region.wait(Region.java:2240)
	at org.sikuli.script.Region.getLocationFromTarget(Region.java:3188)
	at org.sikuli.script.Region.doubleClick(Region.java:3854)
	at org.sikuli.script.Region.doubleClick(Region.java:3839)
	at All_Flows.Student_Fresh_subpayment_complete_flow_RTGS.Student_payment_complete_flow_RTGS(Student_Fresh_subpayment_complete_flow_RTGS.java:696)
	at java.base/jdk.internal.reflect.NativeMethodAccessorImpl.invoke0(Native Method)
	at java.base/jdk.internal.reflect.NativeMethodAccessorImpl.invoke(NativeMethodAccessorImpl.java:62)
	at java.base/jdk.internal.reflect.DelegatingMethodAccessorImpl.invoke(DelegatingMethodAccessorImpl.java:43)
	at java.base/java.lang.reflect.Method.invoke(Method.java:566)
	at org.testng.internal.MethodInvocationHelper.invokeMethod(MethodInvocationHelper.java:133)
	at org.testng.internal.TestInvoker.invokeMethod(TestInvoker.java:598)
	at org.testng.internal.TestInvoker.invokeTestMethod(TestInvoker.java:173)
	at org.testng.internal.MethodRunner.runInSequence(MethodRunner.java:46)
	at org.testng.internal.TestInvoker$MethodInvocationAgent.invoke(TestInvoker.java:824)
	at org.testng.internal.TestInvoker.invokeTestMethods(TestInvoker.java:146)
	at org.testng.internal.TestMethodWorker.invokeTestMethods(TestMethodWorker.java:146)
	at org.testng.internal.TestMethodWorker.run(TestMethodWorker.java:128)
	at java.base/java.util.ArrayList.forEach(ArrayList.java:1541)
	at org.testng.TestRunner.privateRun(TestRunner.java:794)
	at org.testng.TestRunner.run(TestRunner.java:596)
	at org.testng.SuiteRunner.runTest(SuiteRunner.java:377)
	at org.testng.SuiteRunner.runSequentially(SuiteRunner.java:371)
	at org.testng.SuiteRunner.privateRun(SuiteRunner.java:332)
	at org.testng.SuiteRunner.run(SuiteRunner.java:276)
	at org.testng.SuiteRunnerWorker.runSuite(SuiteRunnerWorker.java:53)
	at org.testng.SuiteRunnerWorker.run(SuiteRunnerWorker.java:96)
	at org.testng.TestNG.runSuitesSequentially(TestNG.java:1212)
	at org.testng.TestNG.runSuitesLocally(TestNG.java:1134)
	at org.testng.TestNG.runSuites(TestNG.java:1063)
	at org.testng.TestNG.run(TestNG.java:1031)
	at org.apache.maven.surefire.testng.TestNGExecutor.run(TestNGExecutor.java:283)
	at org.apache.maven.surefire.testng.TestNGXmlTestSuite.execute(TestNGXmlTestSuite.java:75)
	at org.apache.maven.surefire.testng.TestNGProvider.invoke(TestNGProvider.java:120)
	at org.apache.maven.surefire.booter.ForkedBooter.invokeProviderInSameClassLoader(ForkedBooter.java:384)
	at org.apache.maven.surefire.booter.ForkedBooter.runSuitesInProcess(ForkedBooter.java:345)
	at org.apache.maven.surefire.booter.ForkedBooter.execute(ForkedBooter.java:126)
	at org.apache.maven.surefire.booter.ForkedBooter.main(ForkedBooter.java:418)
</textarea>
				</td>
			</tr>
	</tbody>
</table>
</div>
<div class="detail-foot">
	<ul class="attachments">
		<li>
			<a href="C:\selenium\TEEMS_3.0//Repots//index.html01_04_2024_14_04_18.png" data-featherlight="image">
				<div class="file-icon">
					<i class="fa fa-file-image-o"></i> 
				</div>
				<div class="file-info">
					<span class="file-name">index.html01_04_2024_14_04_18.png</span>
					<span class="file-size"> 37,620Kb</span>
				</div>
			</a>
		</li>
	</ul>
</div>
                                        </div>
                                    </li>
                                    <li class="test-item"  status="fail" test-id="8"
                                            author=""
                                            tag=""
                                            device="">
                                        <div class="status-avatar fail-bg">
                                            <i class="fa fa-times text-white"></i>
                                        </div>
                                        <div class="open-test">
                                            <div class="test-detail"> 
                                                <p class="name">Student_payment_complete_flow_TDS</p> 
                                                <p class="duration text-sm">0h 4m 31s+98ms</p> 
                                                <span class="datetime">14:37:42 PM</span>
                                            </div>
                                        </div>
                                        <div class="test-contents d-none">
                                            <div class="detail-head">
                                                <div class="p-v-10 d-inline-block"> 
                                                    <div class="info">
                                                        <h5 class="test-status text-fail">Student_payment_complete_flow_TDS</h5>
                                                        <span class='badge badge-success'>04.01.2024 14:37:42</span>
                                                        <span class='badge badge-danger'>04.01.2024 14:42:13</span>
                                                        <span class='badge badge-default'>0h 4m 31s+98ms</span>
                                                    </div>
                                                    <div class="m-t-10 m-l-5">
                                                        
                                                    </div>
                                                </div>
                                            </div>
<div class="detail-body mt-4">                                              
<table class="table table-sm">
	<thead><tr>
		<th class="status-col">Status</th>
		<th class="timestamp-col">Timestamp</th>
		<th class="details-col">Details</th>
	</tr></thead>
	<tbody>
			<tr class="event-row">
				<td><i class="fa fa-times text-fail"></i></td>
				<td>2:42:13 PM</td>
				<td>
						<span class='badge white-text red'><span style='color: black;'>Test is Fail</span><br><pre style='border: 1px solid red; padding: 10px; color: black; background-color: red; font-weight: bold;'>Student Enquiry ID :NARE247591
Payment Mode :TDS
Tommy with NAREB4A052 is successfully enrolled to MBA_Batch
Receipt No: NANA24D0053
Student ID: NAREB4A052
</pre></span>
				</td>
			</tr>
			<tr class="event-row">
				<td><i class="fa fa-times text-fail"></i></td>
				<td>2:42:13 PM</td>
				<td>
						<textarea disabled class="code-block">FindFailed: C:\selenium\TEEMS_3.0\images\validationNo.png: (163x37) in R[0,0 1024x768]@S(0)
  Line 2222, in file Region.java

	at org.sikuli.script.Region.wait(Region.java:2222)
	at org.sikuli.script.Region.wait(Region.java:2240)
	at org.sikuli.script.Region.getLocationFromTarget(Region.java:3188)
	at org.sikuli.script.Region.doubleClick(Region.java:3854)
	at org.sikuli.script.Region.doubleClick(Region.java:3839)
	at All_Flows.Student_Fresh_subpayment_complete_flow_TDS.Student_payment_complete_flow_TDS(Student_Fresh_subpayment_complete_flow_TDS.java:699)
	at java.base/jdk.internal.reflect.NativeMethodAccessorImpl.invoke0(Native Method)
	at java.base/jdk.internal.reflect.NativeMethodAccessorImpl.invoke(NativeMethodAccessorImpl.java:62)
	at java.base/jdk.internal.reflect.DelegatingMethodAccessorImpl.invoke(DelegatingMethodAccessorImpl.java:43)
	at java.base/java.lang.reflect.Method.invoke(Method.java:566)
	at org.testng.internal.MethodInvocationHelper.invokeMethod(MethodInvocationHelper.java:133)
	at org.testng.internal.TestInvoker.invokeMethod(TestInvoker.java:598)
	at org.testng.internal.TestInvoker.invokeTestMethod(TestInvoker.java:173)
	at org.testng.internal.MethodRunner.runInSequence(MethodRunner.java:46)
	at org.testng.internal.TestInvoker$MethodInvocationAgent.invoke(TestInvoker.java:824)
	at org.testng.internal.TestInvoker.invokeTestMethods(TestInvoker.java:146)
	at org.testng.internal.TestMethodWorker.invokeTestMethods(TestMethodWorker.java:146)
	at org.testng.internal.TestMethodWorker.run(TestMethodWorker.java:128)
	at java.base/java.util.ArrayList.forEach(ArrayList.java:1541)
	at org.testng.TestRunner.privateRun(TestRunner.java:794)
	at org.testng.TestRunner.run(TestRunner.java:596)
	at org.testng.SuiteRunner.runTest(SuiteRunner.java:377)
	at org.testng.SuiteRunner.runSequentially(SuiteRunner.java:371)
	at org.testng.SuiteRunner.privateRun(SuiteRunner.java:332)
	at org.testng.SuiteRunner.run(SuiteRunner.java:276)
	at org.testng.SuiteRunnerWorker.runSuite(SuiteRunnerWorker.java:53)
	at org.testng.SuiteRunnerWorker.run(SuiteRunnerWorker.java:96)
	at org.testng.TestNG.runSuitesSequentially(TestNG.java:1212)
	at org.testng.TestNG.runSuitesLocally(TestNG.java:1134)
	at org.testng.TestNG.runSuites(TestNG.java:1063)
	at org.testng.TestNG.run(TestNG.java:1031)
	at org.apache.maven.surefire.testng.TestNGExecutor.run(TestNGExecutor.java:283)
	at org.apache.maven.surefire.testng.TestNGXmlTestSuite.execute(TestNGXmlTestSuite.java:75)
	at org.apache.maven.surefire.testng.TestNGProvider.invoke(TestNGProvider.java:120)
	at org.apache.maven.surefire.booter.ForkedBooter.invokeProviderInSameClassLoader(ForkedBooter.java:384)
	at org.apache.maven.surefire.booter.ForkedBooter.runSuitesInProcess(ForkedBooter.java:345)
	at org.apache.maven.surefire.booter.ForkedBooter.execute(ForkedBooter.java:126)
	at org.apache.maven.surefire.booter.ForkedBooter.main(ForkedBooter.java:418)
</textarea>
				</td>
			</tr>
	</tbody>
</table>
</div>
<div class="detail-foot">
	<ul class="attachments">
		<li>
			<a href="C:\selenium\TEEMS_3.0//Repots//index.html01_04_2024_14_04_14.png" data-featherlight="image">
				<div class="file-icon">
					<i class="fa fa-file-image-o"></i> 
				</div>
				<div class="file-info">
					<span class="file-name">index.html01_04_2024_14_04_14.png</span>
					<span class="file-size"> 37,620Kb</span>
				</div>
			</a>
		</li>
	</ul>
</div>
                                        </div>
                                    </li>
                                </ul>    
                            </div>
                        </div>
                        <div class="test-content scrollable">
                            <div class="test-content-tools">
                                <ul>
                                    <li>
                                        <a class="back-to-test" href="javascript:void(0)">
                                            <i class="fa fa-arrow-left"></i>
                                        </a>
                                    </li>
                                </ul>
                            </div>
                            <div class="test-content-detail">
                                <div class="detail-body"></div>
                            </div>
                        </div>
                    </div>
                </div>
            </div>
        </div>
    </div>
<script src="https://cdn.rawgit.com/extent-framework/extent-github-cdn/24cb10e/spark/js/script.js"></script>
</body>
</html>